03/09 14:44:08 EasyPHP EasyPHP Servers starting
03/09 14:44:18 EasyPHP VerifyConfFile : WaitForSingleObject timeout for pid 8096
03/09 14:44:18 EasyPHP Apache ServerBase::Start ScanProcess -> 3916
03/09 14:44:18 EasyPHP CreateProcess "C:\Users\comqls\Desktop\EASYPH~1.1VC\binaries\mysql\bin\eds-mysqld.exe --defaults-file="C:\Users\comqls\Desktop\EASYPH~1.1VC\binaries\mysql\my.ini" --language=english"
03/09 14:44:23 EasyPHP EasyPHP Check version
03/09 14:44:45 EasyPHP ServerBase::TimerProc : GetProcessVersion Apache (pid: 3916) error 87
03/09 14:44:45 EasyPHP Apache  Unexpected end of Apache !
03/09 14:45:38 EasyPHP Apache  Apache port (80) is already used by another application ! Close this application and try to run again the server. To close this application : open <easyphp folder>/binaries/tools/cports/cports.exe, find the line with the port already used in the column "Local Port", right click and choose "Kill Processes Of Selected Ports".
03/09 14:49:39 EasyPHP Apache  Configuration file changed
03/09 14:49:50 EasyPHP Apache CreateProcess "C:\Users\comqls\Desktop\EASYPH~1.1VC\binaries\apache\bin\eds-httpd.exe"
03/09 14:49:51 EasyPHP ServerBase::TimerProc : GetProcessVersion Apache (pid: 5484) error 5
03/09 14:49:51 EasyPHP Apache  Unexpected end of Apache !
03/09 14:49:54 EasyPHP EasyPHP Stop the servers
03/09 14:49:54 EasyPHP MySqlSutdown event = MySQLShutdown8108
03/09 14:49:54 EasyPHP End EasyPHP...
03/09 14:49:59 EasyPHP EasyPHP Servers starting
03/09 14:50:03 EasyPHP Apache CreateProcess "C:\Users\comqls\Desktop\EASYPH~1.1VC\binaries\apache\bin\eds-httpd.exe"
03/09 14:50:03 EasyPHP CreateProcess "C:\Users\comqls\Desktop\EASYPH~1.1VC\binaries\mysql\bin\eds-mysqld.exe --defaults-file="C:\Users\comqls\Desktop\EASYPH~1.1VC\binaries\mysql\my.ini" --language=english"
03/09 14:50:06 EasyPHP ServerBase::TimerProc : GetProcessVersion Apache (pid: 6228) error 5
03/09 14:50:06 EasyPHP Apache  Unexpected end of Apache !
03/09 14:50:08 EasyPHP EasyPHP Check version
03/09 14:50:21 EasyPHP Apache CreateProcess "C:\Users\comqls\Desktop\EASYPH~1.1VC\binaries\apache\bin\eds-httpd.exe"
03/09 14:50:23 EasyPHP ServerBase::TimerProc : GetProcessVersion Apache (pid: 6392) error 5
03/09 14:50:23 EasyPHP Apache  Unexpected end of Apache !
03/09 14:50:32 EasyPHP MySqlSutdown event = MySQLShutdown8104
03/09 14:50:33 EasyPHP ServerBase::TimerProc : GetProcessVersion MySQL (pid: 8104) error 5
03/09 14:51:23 EasyPHP EasyPHP Stop the servers
03/09 14:51:23 EasyPHP End EasyPHP...
03/09 14:51:26 EasyPHP EasyPHP Servers starting
03/09 14:51:36 EasyPHP VerifyConfFile : WaitForSingleObject timeout for pid 5032
03/09 14:51:36 EasyPHP Apache ServerBase::Start ScanProcess -> 2208
03/09 14:51:36 EasyPHP CreateProcess "C:\Users\comqls\Desktop\EASYPH~1.1VC\binaries\mysql\bin\eds-mysqld.exe --defaults-file="C:\Users\comqls\Desktop\EASYPH~1.1VC\binaries\mysql\my.ini" --language=english"
03/09 14:51:39 EasyPHP ServerBase::TimerProc : GetProcessVersion Apache (pid: 2208) error 87
03/09 14:51:39 EasyPHP Apache  Unexpected end of Apache !
03/09 14:51:41 EasyPHP EasyPHP Check version
03/09 14:55:55 EasyPHP MySqlSutdown event = MySQLShutdown6956
03/09 14:55:56 EasyPHP ServerBase::TimerProc : GetProcessVersion MySQL (pid: 6956) error 5
03/09 14:55:58 EasyPHP EasyPHP Stop the servers
03/09 14:55:58 EasyPHP End EasyPHP...
03/09 14:56:03 EasyPHP EasyPHP Servers starting
03/09 14:56:10 EasyPHP Apache CreateProcess "C:\Users\comqls\Desktop\EASYPH~1.1VC\binaries\apache\bin\eds-httpd.exe"
03/09 14:56:10 EasyPHP CreateProcess "C:\Users\comqls\Desktop\EASYPH~1.1VC\binaries\mysql\bin\eds-mysqld.exe --defaults-file="C:\Users\comqls\Desktop\EASYPH~1.1VC\binaries\mysql\my.ini" --language=english"
03/09 14:56:15 EasyPHP EasyPHP Check version
03/09 14:56:39 EasyPHP ServerBase::TimerProc : GetProcessVersion Apache (pid: 6436) error 5
03/09 14:56:39 EasyPHP Apache  Unexpected end of Apache !
03/09 14:56:58 EasyPHP MySqlSutdown event = MySQLShutdown6836
03/09 14:57:00 EasyPHP ServerBase::TimerProc : GetProcessVersion MySQL (pid: 6836) error 5
03/09 14:57:02 EasyPHP EasyPHP Servers starting
03/09 14:57:12 EasyPHP VerifyConfFile : WaitForSingleObject timeout for pid 1580
03/09 14:57:12 EasyPHP Apache ServerBase::Start ScanProcess -> 6216
03/09 14:57:12 EasyPHP CreateProcess "C:\Users\comqls\Desktop\EASYPH~1.1VC\binaries\mysql\bin\eds-mysqld.exe --defaults-file="C:\Users\comqls\Desktop\EASYPH~1.1VC\binaries\mysql\my.ini" --language=english"
03/09 15:02:11 EasyPHP ServerBase::TimerProc : GetProcessVersion Apache (pid: 6216) error 87
03/09 15:02:11 EasyPHP Apache  Unexpected end of Apache !
03/09 15:02:31 EasyPHP MySqlSutdown event = MySQLShutdown5948
03/09 15:02:33 EasyPHP ServerBase::TimerProc : GetProcessVersion MySQL (pid: 5948) error 5
03/09 15:02:35 EasyPHP EasyPHP Stop the servers
03/09 15:02:35 EasyPHP End EasyPHP...
03/09 15:02:50 EasyPHP EasyPHP Servers starting
03/09 15:03:00 EasyPHP Apache CreateProcess "C:\Users\comqls\Desktop\EASYPH~1.1VC\binaries\apache\bin\eds-httpd.exe"
03/09 15:03:00 EasyPHP CreateProcess "C:\Users\comqls\Desktop\EASYPH~1.1VC\binaries\mysql\bin\eds-mysqld.exe --defaults-file="C:\Users\comqls\Desktop\EASYPH~1.1VC\binaries\mysql\my.ini" --language=english"
03/09 15:03:02 EasyPHP ServerBase::TimerProc : GetProcessVersion Apache (pid: 2524) error 5
03/09 15:03:02 EasyPHP Apache  Unexpected end of Apache !
03/09 15:03:05 EasyPHP EasyPHP Check version
03/09 15:07:40 EasyPHP MySqlSutdown event = MySQLShutdown6464
03/09 15:07:42 EasyPHP ServerBase::TimerProc : GetProcessVersion MySQL (pid: 6464) error 5
03/09 15:07:46 EasyPHP EasyPHP Stop the servers
03/09 15:07:46 EasyPHP End EasyPHP...
03/09 15:08:05 EasyPHP EasyPHP Servers starting
03/09 15:08:05 EasyPHP Apache CreateProcess "C:\Users\comqls\Desktop\EASYPH~1.1VC\binaries\apache\bin\eds-httpd.exe"
03/09 15:08:05 EasyPHP CreateProcess "C:\Users\comqls\Desktop\EASYPH~1.1VC\binaries\mysql\bin\eds-mysqld.exe --defaults-file="C:\Users\comqls\Desktop\EASYPH~1.1VC\binaries\mysql\my.ini" --language=english"
03/09 15:08:10 EasyPHP EasyPHP Check version
03/09 15:44:04 EasyPHP EasyPHP Removable drive: Regenerate conf files...
03/09 15:44:04 EasyPHP EasyPHP Servers starting
03/09 15:44:05 EasyPHP Apache CreateProcess "G:\EASYPH~1.1VC\binaries\apache\bin\eds-httpd.exe"
03/09 15:44:05 EasyPHP CreateProcess "G:\EASYPH~1.1VC\binaries\mysql\bin\eds-mysqld.exe --defaults-file="G:\EASYPH~1.1VC\binaries\mysql\my.ini" --language=english"
03/09 15:44:11 EasyPHP EasyPHP Check version
03/09 16:16:04 EasyPHP EasyPHP Stop the servers
03/09 16:16:04 EasyPHP Apache stop event: ap1656_shutdown
03/09 16:16:05 EasyPHP MySqlSutdown event = MySQLShutdown7780
03/09 16:16:07 EasyPHP ServerBase::TimerProc : GetProcessVersion MySQL (pid: 7780) error 5
03/09 16:16:07 EasyPHP ServerBase::TimerProc : GetProcessVersion Apache (pid: 1656) error 5
03/09 16:16:14 EasyPHP EasyPHP Stop the servers
03/09 16:16:14 EasyPHP End EasyPHP...
03/09 16:17:44 EasyPHP EasyPHP Servers starting
03/09 16:17:44 EasyPHP Apache CreateProcess "C:\Users\comqls\Desktop\EASYPH~1.1VC\binaries\apache\bin\eds-httpd.exe"
03/09 16:17:44 EasyPHP CreateProcess "C:\Users\comqls\Desktop\EASYPH~1.1VC\binaries\mysql\bin\eds-mysqld.exe --defaults-file="C:\Users\comqls\Desktop\EASYPH~1.1VC\binaries\mysql\my.ini" --language=english"
03/09 16:17:49 EasyPHP EasyPHP Check version
03/09 17:12:58 EasyPHP EasyPHP Stop the servers
03/09 17:12:58 EasyPHP Apache stop event: ap5660_shutdown
03/09 17:12:59 EasyPHP MySqlSutdown event = MySQLShutdown8036
03/09 17:13:01 EasyPHP ServerBase::TimerProc : GetProcessVersion MySQL (pid: 8036) error 5
03/09 17:13:01 EasyPHP ServerBase::TimerProc : GetProcessVersion Apache (pid: 5660) error 5
03/09 17:13:04 EasyPHP EasyPHP Stop the servers
03/09 17:13:04 EasyPHP End EasyPHP...
03/09 18:22:23 EasyPHP EasyPHP Removable drive: Regenerate conf files...
03/09 18:22:23 EasyPHP EasyPHP Servers starting
03/09 18:22:26 EasyPHP Apache CreateProcess "F:\EASYPH~1.1VC\binaries\apache\bin\eds-httpd.exe"
03/09 18:22:26 EasyPHP CreateProcess "F:\EASYPH~1.1VC\binaries\mysql\bin\eds-mysqld.exe --defaults-file="F:\EASYPH~1.1VC\binaries\mysql\my.ini" --language=english"
03/09 18:22:32 EasyPHP EasyPHP Check version
03/09 18:27:32 EasyPHP EasyPHP Servers starting
03/09 18:27:34 EasyPHP Apache CreateProcess "C:\Users\Helz\Desktop\EASYPH~1.1VC\binaries\apache\bin\eds-httpd.exe"
03/09 18:27:34 EasyPHP CreateProcess "C:\Users\Helz\Desktop\EASYPH~1.1VC\binaries\mysql\bin\eds-mysqld.exe --defaults-file="C:\Users\Helz\Desktop\EASYPH~1.1VC\binaries\mysql\my.ini" --language=english"
03/09 18:27:39 EasyPHP EasyPHP Check version
03/09 18:29:48 EasyPHP EasyPHP Stop the servers
03/09 18:29:48 EasyPHP Apache stop event: ap9972_shutdown
03/09 18:29:48 EasyPHP MySqlSutdown event = MySQLShutdown10896
03/09 18:29:49 EasyPHP ServerBase::TimerProc : GetProcessVersion MySQL (pid: 10896) error 5
03/09 18:29:50 EasyPHP ServerBase::TimerProc : GetProcessVersion Apache (pid: 9972) error 5
03/09 18:29:53 EasyPHP EasyPHP Stop the servers
03/09 18:29:53 EasyPHP End EasyPHP...
03/09 19:18:22 EasyPHP EasyPHP Servers starting
03/09 19:18:22 EasyPHP Apache CreateProcess "C:\Users\Helz\Desktop\EASYPH~1.1VC\binaries\apache\bin\eds-httpd.exe"
03/09 19:18:22 EasyPHP CreateProcess "C:\Users\Helz\Desktop\EASYPH~1.1VC\binaries\mysql\bin\eds-mysqld.exe --defaults-file="C:\Users\Helz\Desktop\EASYPH~1.1VC\binaries\mysql\my.ini" --language=english"
03/09 19:18:27 EasyPHP EasyPHP Check version
03/09 20:48:20 EasyPHP EasyPHP Stop the servers
03/09 20:48:20 EasyPHP Apache stop event: ap10196_shutdown
03/09 20:48:21 EasyPHP MySqlSutdown event = MySQLShutdown8488
03/09 20:48:22 EasyPHP ServerBase::TimerProc : GetProcessVersion MySQL (pid: 8488) error 5
03/09 20:48:22 EasyPHP ServerBase::TimerProc : GetProcessVersion Apache (pid: 10196) error 5
03/09 20:48:26 EasyPHP EasyPHP Stop the servers
03/09 20:48:26 EasyPHP End EasyPHP...
03/09 20:49:56 EasyPHP EasyPHP Servers starting
03/09 20:49:57 EasyPHP Apache CreateProcess "C:\Users\Helz\Desktop\EASYPH~1.1VC\binaries\apache\bin\eds-httpd.exe"
03/09 20:49:57 EasyPHP CreateProcess "C:\Users\Helz\Desktop\EASYPH~1.1VC\binaries\mysql\bin\eds-mysqld.exe --defaults-file="C:\Users\Helz\Desktop\EASYPH~1.1VC\binaries\mysql\my.ini" --language=english"
03/09 20:50:02 EasyPHP EasyPHP Check version
03/09 20:53:45 EasyPHP EasyPHP Stop the servers
03/09 20:53:45 EasyPHP Apache stop event: ap9656_shutdown
03/09 20:53:46 EasyPHP MySqlSutdown event = MySQLShutdown3596
03/09 20:53:47 EasyPHP ServerBase::TimerProc : GetProcessVersion Apache (pid: 9656) error 5
03/09 20:53:49 EasyPHP ServerBase::TimerProc : GetProcessVersion MySQL (pid: 3596) error 5
03/09 20:53:52 EasyPHP EasyPHP Stop the servers
03/09 20:53:52 EasyPHP End EasyPHP...
03/09 20:58:31 EasyPHP EasyPHP Removable drive: Regenerate conf files...
03/09 20:58:31 EasyPHP EasyPHP Servers starting
03/09 20:58:32 EasyPHP Apache CreateProcess "F:\EASYPH~1.1VC\binaries\apache\bin\eds-httpd.exe"
03/09 20:58:32 EasyPHP CreateProcess "F:\EASYPH~1.1VC\binaries\mysql\bin\eds-mysqld.exe --defaults-file="F:\EASYPH~1.1VC\binaries\mysql\my.ini" --language=english"
03/09 20:58:37 EasyPHP EasyPHP Check version
03/09 21:01:07 EasyPHP EasyPHP Stop the servers
03/09 21:01:07 EasyPHP Apache stop event: ap9836_shutdown
03/09 21:01:07 EasyPHP MySqlSutdown event = MySQLShutdown8656
03/09 21:01:09 EasyPHP ServerBase::TimerProc : GetProcessVersion Apache (pid: 9836) error 5
03/09 21:01:12 EasyPHP ServerBase::TimerProc : GetProcessVersion MySQL (pid: 8656) error 5
03/09 21:01:14 EasyPHP EasyPHP Stop the servers
03/09 21:01:14 EasyPHP End EasyPHP...
03/09 21:02:06 EasyPHP EasyPHP Removable drive: Regenerate conf files...
03/09 21:02:06 EasyPHP EasyPHP Servers starting
03/09 21:02:07 EasyPHP Apache CreateProcess "F:\EASYPH~1.1VC\binaries\apache\bin\eds-httpd.exe"
03/09 21:02:07 EasyPHP CreateProcess "F:\EASYPH~1.1VC\binaries\mysql\bin\eds-mysqld.exe --defaults-file="F:\EASYPH~1.1VC\binaries\mysql\my.ini" --language=english"
03/09 21:02:12 EasyPHP EasyPHP Check version
03/09 21:07:19 EasyPHP EasyPHP Stop the servers
03/09 21:07:19 EasyPHP Apache stop event: ap5128_shutdown
03/09 21:07:20 EasyPHP MySqlSutdown event = MySQLShutdown9112
03/09 21:07:23 EasyPHP ServerBase::TimerProc : GetProcessVersion Apache (pid: 5128) error 5
03/09 21:07:25 EasyPHP ServerBase::TimerProc : GetProcessVersion MySQL (pid: 9112) error 5
03/09 21:07:26 EasyPHP EasyPHP Stop the servers
03/09 21:07:26 EasyPHP End EasyPHP...
04/09 12:18:03 EasyPHP EasyPHP Servers starting
04/09 12:18:04 EasyPHP Apache CreateProcess "C:\Users\comqls\Desktop\easyphp\EASYPH~2.1VC\binaries\apache\bin\eds-httpd.exe"
04/09 12:18:04 EasyPHP CreateProcess "C:\Users\comqls\Desktop\easyphp\EASYPH~2.1VC\binaries\mysql\bin\eds-mysqld.exe --defaults-file="C:\Users\comqls\Desktop\easyphp\EASYPH~2.1VC\binaries\mysql\my.ini" --language=english"
04/09 12:18:09 EasyPHP EasyPHP Check version
04/09 14:14:50 EasyPHP EasyPHP Stop the servers
04/09 14:14:50 EasyPHP Apache stop event: ap7604_shutdown
04/09 14:14:51 EasyPHP MySqlSutdown event = MySQLShutdown6924
04/09 14:14:53 EasyPHP ServerBase::TimerProc : GetProcessVersion Apache (pid: 7604) error 5
04/09 14:14:55 EasyPHP ServerBase::TimerProc : GetProcessVersion MySQL (pid: 6924) error 5
04/09 14:14:57 EasyPHP EasyPHP Stop the servers
04/09 14:14:57 EasyPHP End EasyPHP...
04/09 14:18:58 EasyPHP EasyPHP Servers starting
04/09 14:18:59 EasyPHP Apache CreateProcess "C:\Users\comqls\Desktop\easyphp\EASYPH~2.1VC\binaries\apache\bin\eds-httpd.exe"
04/09 14:18:59 EasyPHP CreateProcess "C:\Users\comqls\Desktop\easyphp\EASYPH~2.1VC\binaries\mysql\bin\eds-mysqld.exe --defaults-file="C:\Users\comqls\Desktop\easyphp\EASYPH~2.1VC\binaries\mysql\my.ini" --language=english"
04/09 14:19:04 EasyPHP EasyPHP Check version
06/09 19:57:16 EasyPHP EasyPHP Servers starting
06/09 19:57:19 EasyPHP Apache CreateProcess "C:\Users\Helz\Desktop\EASYPH~2.1VC\binaries\apache\bin\eds-httpd.exe"
06/09 19:57:19 EasyPHP CreateProcess "C:\Users\Helz\Desktop\EASYPH~2.1VC\binaries\mysql\bin\eds-mysqld.exe --defaults-file="C:\Users\Helz\Desktop\EASYPH~2.1VC\binaries\mysql\my.ini" --language=english"
06/09 19:57:24 EasyPHP EasyPHP Check version
07/09 18:42:46 EasyPHP EasyPHP Removable drive: Regenerate conf files...
07/09 18:42:53 EasyPHP EasyPHP Servers starting
07/09 18:43:04 EasyPHP Apache CreateProcess "G:\easyphp\EASYPH~1.1VC\binaries\apache\bin\eds-httpd.exe"
07/09 18:43:04 EasyPHP CreateProcess "G:\easyphp\EASYPH~1.1VC\binaries\mysql\bin\eds-mysqld.exe --defaults-file="G:\easyphp\EASYPH~1.1VC\binaries\mysql\my.ini" --language=english"
07/09 18:43:12 EasyPHP EasyPHP Check version
07/09 18:51:01 EasyPHP EasyPHP Stop the servers
07/09 18:51:01 EasyPHP Apache stop event: ap7300_shutdown
07/09 18:51:02 EasyPHP MySqlSutdown event = MySQLShutdown5996
07/09 18:51:47 EasyPHP ServerBase::TimerProc : GetProcessVersion Apache (pid: 7300) error 5
07/09 18:52:00 EasyPHP EasyPHP Stop the servers
07/09 18:52:04 EasyPHP End EasyPHP...
07/09 18:55:02 EasyPHP EasyPHP Servers starting
07/09 18:55:02 EasyPHP Apache CreateProcess "C:\Users\comqls\Desktop\easyphp\EASYPH~1.1VC\binaries\apache\bin\eds-httpd.exe"
07/09 18:55:02 EasyPHP CreateProcess "C:\Users\comqls\Desktop\easyphp\EASYPH~1.1VC\binaries\mysql\bin\eds-mysqld.exe --defaults-file="C:\Users\comqls\Desktop\easyphp\EASYPH~1.1VC\binaries\mysql\my.ini" --language=english"
07/09 18:55:08 EasyPHP EasyPHP Check version
07/09 20:16:18 EasyPHP EasyPHP Stop the servers
07/09 20:16:18 EasyPHP Apache stop event: ap7936_shutdown
07/09 20:16:19 EasyPHP MySqlSutdown event = MySQLShutdown6540
07/09 20:16:20 EasyPHP ServerBase::TimerProc : GetProcessVersion Apache (pid: 7936) error 5
07/09 20:16:22 EasyPHP EasyPHP Stop the servers
07/09 20:16:22 EasyPHP End EasyPHP...
08/09 15:14:09 EasyPHP EasyPHP Servers starting
08/09 15:14:11 EasyPHP Apache CreateProcess "C:\Users\comqls\Desktop\easyphp\EASYPH~1.1VC\binaries\apache\bin\eds-httpd.exe"
08/09 15:14:11 EasyPHP CreateProcess "C:\Users\comqls\Desktop\easyphp\EASYPH~1.1VC\binaries\mysql\bin\eds-mysqld.exe --defaults-file="C:\Users\comqls\Desktop\easyphp\EASYPH~1.1VC\binaries\mysql\my.ini" --language=english"
08/09 15:14:16 EasyPHP EasyPHP Check version
08/09 16:44:20 EasyPHP EasyPHP Stop the servers
08/09 16:44:20 EasyPHP Apache stop event: ap4256_shutdown
08/09 16:44:21 EasyPHP MySqlSutdown event = MySQLShutdown3124
08/09 16:44:23 EasyPHP EasyPHP Stop the servers
08/09 16:44:23 EasyPHP End EasyPHP...
09/09 12:27:08 EasyPHP EasyPHP Servers starting
09/09 12:27:11 EasyPHP Apache CreateProcess "C:\Users\comqls\Desktop\easyphp\EASYPH~1.1VC\binaries\apache\bin\eds-httpd.exe"
09/09 12:27:11 EasyPHP CreateProcess "C:\Users\comqls\Desktop\easyphp\EASYPH~1.1VC\binaries\mysql\bin\eds-mysqld.exe --defaults-file="C:\Users\comqls\Desktop\easyphp\EASYPH~1.1VC\binaries\mysql\my.ini" --language=english"
09/09 12:27:16 EasyPHP EasyPHP Check version
09/09 13:05:38 EasyPHP EasyPHP Stop the servers
09/09 13:05:38 EasyPHP Apache stop event: ap6860_shutdown
09/09 13:05:38 EasyPHP MySqlSutdown event = MySQLShutdown5924
09/09 13:05:40 EasyPHP ServerBase::TimerProc : GetProcessVersion Apache (pid: 6860) error 5
09/09 13:05:40 EasyPHP EasyPHP Stop the servers
09/09 13:05:40 EasyPHP End EasyPHP...
11/09 13:03:54 EasyPHP EasyPHP Servers starting
11/09 13:04:00 EasyPHP Apache CreateProcess "C:\Users\comqls\Desktop\easyphp\EASYPH~1.1VC\binaries\apache\bin\eds-httpd.exe"
11/09 13:04:00 EasyPHP CreateProcess "C:\Users\comqls\Desktop\easyphp\EASYPH~1.1VC\binaries\mysql\bin\eds-mysqld.exe --defaults-file="C:\Users\comqls\Desktop\easyphp\EASYPH~1.1VC\binaries\mysql\my.ini" --language=english"
11/09 13:04:05 EasyPHP EasyPHP Check version
11/09 13:14:27 EasyPHP EasyPHP Stop the servers
11/09 13:14:27 EasyPHP Apache stop event: ap6936_shutdown
11/09 13:14:28 EasyPHP MySqlSutdown event = MySQLShutdown6196
11/09 13:14:29 EasyPHP ServerBase::TimerProc : GetProcessVersion Apache (pid: 6936) error 5
11/09 13:14:32 EasyPHP ServerBase::TimerProc : GetProcessVersion MySQL (pid: 6196) error 5
11/09 13:14:35 EasyPHP EasyPHP Stop the servers
11/09 13:14:35 EasyPHP End EasyPHP...
24/09 16:06:21 EasyPHP EasyPHP Servers starting
24/09 16:06:24 EasyPHP Apache CreateProcess "C:\Users\comqls\Desktop\easyphp\EASYPH~1.1VC\binaries\apache\bin\eds-httpd.exe"
24/09 16:06:24 EasyPHP CreateProcess "C:\Users\comqls\Desktop\easyphp\EASYPH~1.1VC\binaries\mysql\bin\eds-mysqld.exe --defaults-file="C:\Users\comqls\Desktop\easyphp\EASYPH~1.1VC\binaries\mysql\my.ini" --language=english"
24/09 16:06:29 EasyPHP EasyPHP Check version
24/09 16:33:26 EasyPHP EasyPHP Stop the servers
24/09 16:33:26 EasyPHP Apache stop event: ap6876_shutdown
24/09 16:33:27 EasyPHP MySqlSutdown event = MySQLShutdown4828
24/09 16:33:28 EasyPHP ServerBase::TimerProc : GetProcessVersion Apache (pid: 6876) error 5
24/09 16:33:30 EasyPHP ServerBase::TimerProc : GetProcessVersion MySQL (pid: 4828) error 5
24/09 16:33:31 EasyPHP EasyPHP Stop the servers
24/09 16:33:31 EasyPHP End EasyPHP...
24/09 17:49:33 EasyPHP EasyPHP Servers starting
24/09 17:49:33 EasyPHP Apache CreateProcess "C:\Users\comqls\Desktop\easyphp\EASYPH~1.1VC\binaries\apache\bin\eds-httpd.exe"
24/09 17:49:33 EasyPHP CreateProcess "C:\Users\comqls\Desktop\easyphp\EASYPH~1.1VC\binaries\mysql\bin\eds-mysqld.exe --defaults-file="C:\Users\comqls\Desktop\easyphp\EASYPH~1.1VC\binaries\mysql\my.ini" --language=english"
24/09 17:49:38 EasyPHP EasyPHP Check version
24/09 18:37:38 EasyPHP EasyPHP Stop the servers
24/09 18:37:38 EasyPHP Apache stop event: ap8464_shutdown
24/09 18:37:39 EasyPHP MySqlSutdown event = MySQLShutdown7720
24/09 18:37:40 EasyPHP ServerBase::TimerProc : GetProcessVersion Apache (pid: 8464) error 5
24/09 18:37:42 EasyPHP ServerBase::TimerProc : GetProcessVersion MySQL (pid: 7720) error 5
24/09 18:37:47 EasyPHP EasyPHP Stop the servers
24/09 18:37:47 EasyPHP End EasyPHP...
25/09 15:36:30 EasyPHP EasyPHP Servers starting
25/09 15:36:31 EasyPHP Apache CreateProcess "C:\Users\Helz\Desktop\easyphp\EASYPH~1.1VC\binaries\apache\bin\eds-httpd.exe"
25/09 15:36:31 EasyPHP CreateProcess "C:\Users\Helz\Desktop\easyphp\EASYPH~1.1VC\binaries\mysql\bin\eds-mysqld.exe --defaults-file="C:\Users\Helz\Desktop\easyphp\EASYPH~1.1VC\binaries\mysql\my.ini" --language=english"
25/09 15:36:36 EasyPHP EasyPHP Check version
25/09 22:49:50 EasyPHP EasyPHP Stop the servers
25/09 22:49:50 EasyPHP Apache stop event: ap21472_shutdown
25/09 22:49:51 EasyPHP MySqlSutdown event = MySQLShutdown9140
25/09 22:49:52 EasyPHP ServerBase::TimerProc : GetProcessVersion Apache (pid: 21472) error 5
25/09 22:49:54 EasyPHP ServerBase::TimerProc : GetProcessVersion MySQL (pid: 9140) error 5
25/09 22:49:56 EasyPHP EasyPHP Stop the servers
25/09 22:49:56 EasyPHP End EasyPHP...
26/09 09:52:48 EasyPHP EasyPHP Servers starting
26/09 09:52:52 EasyPHP Apache CreateProcess "C:\Users\Helz\Desktop\easyphp\EASYPH~1.1VC\binaries\apache\bin\eds-httpd.exe"
26/09 09:52:52 EasyPHP CreateProcess "C:\Users\Helz\Desktop\easyphp\EASYPH~1.1VC\binaries\mysql\bin\eds-mysqld.exe --defaults-file="C:\Users\Helz\Desktop\easyphp\EASYPH~1.1VC\binaries\mysql\my.ini" --language=english"
26/09 09:52:57 EasyPHP EasyPHP Check version
26/09 14:50:50 EasyPHP EasyPHP Stop the servers
26/09 14:50:50 EasyPHP Apache stop event: ap972_shutdown
26/09 14:50:51 EasyPHP MySqlSutdown event = MySQLShutdown9964
26/09 14:50:53 EasyPHP ServerBase::TimerProc : GetProcessVersion Apache (pid: 972) error 5
26/09 14:50:54 EasyPHP EasyPHP Stop the servers
26/09 14:50:54 EasyPHP End EasyPHP...
26/09 14:51:08 EasyPHP EasyPHP Servers starting
26/09 14:51:09 EasyPHP Apache CreateProcess "C:\Users\Helz\Desktop\easyphp\EASYPH~1.1VC\binaries\apache\bin\eds-httpd.exe"
26/09 14:51:09 EasyPHP CreateProcess "C:\Users\Helz\Desktop\easyphp\EASYPH~1.1VC\binaries\mysql\bin\eds-mysqld.exe --defaults-file="C:\Users\Helz\Desktop\easyphp\EASYPH~1.1VC\binaries\mysql\my.ini" --language=english"
26/09 14:51:14 EasyPHP EasyPHP Check version
26/09 20:33:07 EasyPHP EasyPHP Stop the servers
26/09 20:33:07 EasyPHP Apache stop event: ap5608_shutdown
26/09 20:33:08 EasyPHP MySqlSutdown event = MySQLShutdown16484
26/09 20:33:10 EasyPHP ServerBase::TimerProc : GetProcessVersion Apache (pid: 5608) error 5
26/09 20:33:12 EasyPHP ServerBase::TimerProc : GetProcessVersion MySQL (pid: 16484) error 5
26/09 20:33:13 EasyPHP EasyPHP Stop the servers
26/09 20:33:13 EasyPHP End EasyPHP...
26/09 20:34:23 EasyPHP EasyPHP Servers starting
26/09 20:34:23 EasyPHP Apache CreateProcess "C:\Users\Helz\Desktop\easyphp\EASYPH~1.1VC\binaries\apache\bin\eds-httpd.exe"
26/09 20:34:23 EasyPHP CreateProcess "C:\Users\Helz\Desktop\easyphp\EASYPH~1.1VC\binaries\mysql\bin\eds-mysqld.exe --defaults-file="C:\Users\Helz\Desktop\easyphp\EASYPH~1.1VC\binaries\mysql\my.ini" --language=english"
26/09 20:34:28 EasyPHP EasyPHP Check version
26/09 20:38:10 EasyPHP EasyPHP Servers are restarting...
26/09 20:38:11 EasyPHP Apache restart event: ap24164_restart
26/09 20:38:11 EasyPHP MySqlSutdown event = MySQLShutdown16180
26/09 20:38:14 EasyPHP ServerBase::TimerProc : GetProcessVersion MySQL (pid: 16180) error 5
26/09 20:38:14 EasyPHP CreateProcess "C:\Users\Helz\Desktop\easyphp\EASYPH~1.1VC\binaries\mysql\bin\eds-mysqld.exe --defaults-file="C:\Users\Helz\Desktop\easyphp\EASYPH~1.1VC\binaries\mysql\my.ini" --language=english"
26/09 20:38:31 EasyPHP EasyPHP Stop the servers
26/09 20:38:31 EasyPHP Apache stop event: ap24164_shutdown
26/09 20:38:31 EasyPHP MySqlSutdown event = MySQLShutdown21640
26/09 20:38:33 EasyPHP ServerBase::TimerProc : GetProcessVersion MySQL (pid: 21640) error 5
26/09 20:38:33 EasyPHP ServerBase::TimerProc : GetProcessVersion Apache (pid: 24164) error 5
26/09 20:40:36 EasyPHP EasyPHP Stop the servers
26/09 20:40:36 EasyPHP End EasyPHP...
27/09 12:06:38 EasyPHP EasyPHP Servers starting
27/09 12:06:39 EasyPHP Apache CreateProcess "C:\Users\Helz\Desktop\easyphp\EASYPH~1.1VC\binaries\apache\bin\eds-httpd.exe"
27/09 12:06:39 EasyPHP CreateProcess "C:\Users\Helz\Desktop\easyphp\EASYPH~1.1VC\binaries\mysql\bin\eds-mysqld.exe --defaults-file="C:\Users\Helz\Desktop\easyphp\EASYPH~1.1VC\binaries\mysql\my.ini" --language=english"
27/09 12:06:44 EasyPHP EasyPHP Check version
27/09 18:57:11 EasyPHP EasyPHP Stop the servers
27/09 18:57:11 EasyPHP Apache stop event: ap1388_shutdown
27/09 18:57:12 EasyPHP MySqlSutdown event = MySQLShutdown9752
27/09 18:57:13 EasyPHP ServerBase::TimerProc : GetProcessVersion Apache (pid: 1388) error 5
27/09 18:57:16 EasyPHP ServerBase::TimerProc : GetProcessVersion MySQL (pid: 9752) error 5
27/09 19:24:12 EasyPHP EasyPHP Stop the servers
27/09 19:24:12 EasyPHP End EasyPHP...
28/09 13:17:58 EasyPHP EasyPHP Removable drive: Regenerate conf files...
28/09 13:18:06 EasyPHP EasyPHP Servers starting
28/09 13:18:21 EasyPHP Apache CreateProcess "G:\easyphp\EASYPH~1.1VC\binaries\apache\bin\eds-httpd.exe"
28/09 13:18:21 EasyPHP CreateProcess "G:\easyphp\EASYPH~1.1VC\binaries\mysql\bin\eds-mysqld.exe --defaults-file="G:\easyphp\EASYPH~1.1VC\binaries\mysql\my.ini" --language=english"
28/09 13:18:27 EasyPHP EasyPHP Check version
28/09 14:09:45 EasyPHP EasyPHP Stop the servers
28/09 14:09:45 EasyPHP Apache stop event: ap5472_shutdown
28/09 14:09:46 EasyPHP MySqlSutdown event = MySQLShutdown8752
28/09 14:10:20 EasyPHP ServerBase::TimerProc : GetProcessVersion Apache (pid: 5472) error 5
30/09 14:17:02 EasyPHP EasyPHP Servers starting
30/09 14:17:02 EasyPHP Apache CreateProcess "C:\Users\comqls\Desktop\easyphp\EASYPH~3.1VC\binaries\apache\bin\eds-httpd.exe"
30/09 14:17:02 EasyPHP CreateProcess "C:\Users\comqls\Desktop\easyphp\EASYPH~3.1VC\binaries\mysql\bin\eds-mysqld.exe --defaults-file="C:\Users\comqls\Desktop\easyphp\EASYPH~3.1VC\binaries\mysql\my.ini" --language=english"
30/09 14:17:07 EasyPHP EasyPHP Check version
30/09 14:46:49 EasyPHP EasyPHP Stop the servers
30/09 14:46:49 EasyPHP Apache stop event: ap6932_shutdown
30/09 14:46:49 EasyPHP MySqlSutdown event = MySQLShutdown4616
30/09 14:46:51 EasyPHP ServerBase::TimerProc : GetProcessVersion Apache (pid: 6932) error 5
30/09 14:46:53 EasyPHP ServerBase::TimerProc : GetProcessVersion MySQL (pid: 4616) error 5
30/09 14:47:14 EasyPHP EasyPHP Stop the servers
30/09 14:47:14 EasyPHP End EasyPHP...
01/10 12:15:01 EasyPHP EasyPHP Servers starting
01/10 12:15:02 EasyPHP Apache CreateProcess "C:\Users\comqls\Desktop\easyphp\EASYPH~3.1VC\binaries\apache\bin\eds-httpd.exe"
01/10 12:15:02 EasyPHP CreateProcess "C:\Users\comqls\Desktop\easyphp\EASYPH~3.1VC\binaries\mysql\bin\eds-mysqld.exe --defaults-file="C:\Users\comqls\Desktop\easyphp\EASYPH~3.1VC\binaries\mysql\my.ini" --language=english"
01/10 12:15:07 EasyPHP EasyPHP Check version
01/10 15:28:13 EasyPHP EasyPHP Stop the servers
01/10 15:28:13 EasyPHP Apache stop event: ap6040_shutdown
01/10 15:28:13 EasyPHP MySqlSutdown event = MySQLShutdown6952
01/10 15:28:15 EasyPHP ServerBase::TimerProc : GetProcessVersion Apache (pid: 6040) error 5
01/10 15:28:16 EasyPHP ServerBase::TimerProc : GetProcessVersion MySQL (pid: 6952) error 5
01/10 15:28:18 EasyPHP EasyPHP Stop the servers
01/10 15:28:18 EasyPHP End EasyPHP...
03/10 21:12:33 EasyPHP EasyPHP Servers starting
03/10 21:12:34 EasyPHP Apache CreateProcess "C:\Users\Helz\Desktop\easyphp\EASYPH~1.1VC\binaries\apache\bin\eds-httpd.exe"
03/10 21:12:34 EasyPHP CreateProcess "C:\Users\Helz\Desktop\easyphp\EASYPH~1.1VC\binaries\mysql\bin\eds-mysqld.exe --defaults-file="C:\Users\Helz\Desktop\easyphp\EASYPH~1.1VC\binaries\mysql\my.ini" --language=english"
03/10 21:12:39 EasyPHP EasyPHP Check version
04/10 00:12:05 EasyPHP EasyPHP Stop the servers
04/10 00:12:05 EasyPHP Apache stop event: ap5984_shutdown
04/10 00:12:05 EasyPHP MySqlSutdown event = MySQLShutdown1692
04/10 00:12:07 EasyPHP ServerBase::TimerProc : GetProcessVersion Apache (pid: 5984) error 5
04/10 00:12:09 EasyPHP ServerBase::TimerProc : GetProcessVersion MySQL (pid: 1692) error 5
04/10 00:12:11 EasyPHP EasyPHP Stop the servers
04/10 00:12:11 EasyPHP End EasyPHP...
28/10 10:54:06 EasyPHP EasyPHP Removable drive: Regenerate conf files...
28/10 10:54:15 EasyPHP EasyPHP Servers starting
28/10 10:54:28 EasyPHP Apache CreateProcess "G:\easyphp\EASYPH~1.1VC\binaries\apache\bin\eds-httpd.exe"
28/10 10:54:28 EasyPHP CreateProcess "G:\easyphp\EASYPH~1.1VC\binaries\mysql\bin\eds-mysqld.exe --defaults-file="G:\easyphp\EASYPH~1.1VC\binaries\mysql\my.ini" --language=english"
28/10 10:54:33 EasyPHP EasyPHP Check version
28/10 12:10:38 EasyPHP EasyPHP Removable drive: Regenerate conf files...
28/10 12:10:44 EasyPHP EasyPHP Servers starting
28/10 12:10:49 EasyPHP Apache CreateProcess "G:\easyphp\EASYPH~2.1VC\binaries\apache\bin\eds-httpd.exe"
28/10 12:10:49 EasyPHP CreateProcess "G:\easyphp\EASYPH~2.1VC\binaries\mysql\bin\eds-mysqld.exe --defaults-file="G:\easyphp\EASYPH~2.1VC\binaries\mysql\my.ini" --language=english"
28/10 12:10:56 EasyPHP EasyPHP Check version
28/10 15:17:10 EasyPHP EasyPHP Stop the servers
28/10 15:17:10 EasyPHP Apache stop event: ap6496_shutdown
28/10 15:17:11 EasyPHP MySqlSutdown event = MySQLShutdown4256
28/10 15:17:26 EasyPHP ServerBase::TimerProc : GetProcessVersion Apache (pid: 6496) error 5
28/10 15:17:32 EasyPHP EasyPHP Stop the servers
28/10 15:17:32 EasyPHP End EasyPHP...
31/10 13:12:16 EasyPHP EasyPHP Servers starting
31/10 13:12:20 EasyPHP Apache CreateProcess "C:\Users\Helz\Desktop\easyphp\EasyPHP\binaries\apache\bin\eds-httpd.exe"
31/10 13:12:20 EasyPHP CreateProcess "C:\Users\Helz\Desktop\easyphp\EasyPHP\binaries\mysql\bin\eds-mysqld.exe --defaults-file="C:\Users\Helz\Desktop\easyphp\EasyPHP\binaries\mysql\my.ini" --language=english"
31/10 13:12:25 EasyPHP EasyPHP Check version
31/10 13:42:59 EasyPHP EasyPHP Stop the servers
31/10 13:42:59 EasyPHP Apache stop event: ap6208_shutdown
31/10 13:42:59 EasyPHP MySqlSutdown event = MySQLShutdown2276
31/10 13:43:01 EasyPHP ServerBase::TimerProc : GetProcessVersion Apache (pid: 6208) error 5
31/10 13:43:02 EasyPHP EasyPHP Stop the servers
31/10 13:43:02 EasyPHP End EasyPHP...
06/11 16:13:28 EasyPHP EasyPHP Servers starting
06/11 16:13:29 EasyPHP Apache CreateProcess "C:\Users\Helz\Desktop\easyphp\EasyPHP\binaries\apache\bin\eds-httpd.exe"
06/11 16:13:29 EasyPHP CreateProcess "C:\Users\Helz\Desktop\easyphp\EasyPHP\binaries\mysql\bin\eds-mysqld.exe --defaults-file="C:\Users\Helz\Desktop\easyphp\EasyPHP\binaries\mysql\my.ini" --language=english"
06/11 16:13:34 EasyPHP EasyPHP Check version
06/11 16:14:44 EasyPHP EasyPHP Stop the servers
06/11 16:14:44 EasyPHP Apache stop event: ap9916_shutdown
06/11 16:14:45 EasyPHP MySqlSutdown event = MySQLShutdown9164
06/11 16:14:47 EasyPHP ServerBase::TimerProc : GetProcessVersion Apache (pid: 9916) error 5
06/11 16:14:49 EasyPHP ServerBase::TimerProc : GetProcessVersion MySQL (pid: 9164) error 5
06/11 16:14:53 EasyPHP EasyPHP Stop the servers
06/11 16:14:53 EasyPHP End EasyPHP...
06/11 16:21:34 EasyPHP EasyPHP Servers starting
06/11 16:21:34 EasyPHP Apache CreateProcess "C:\Users\Helz\Desktop\easyphp\EasyPHP\binaries\apache\bin\eds-httpd.exe"
06/11 16:21:34 EasyPHP CreateProcess "C:\Users\Helz\Desktop\easyphp\EasyPHP\binaries\mysql\bin\eds-mysqld.exe --defaults-file="C:\Users\Helz\Desktop\easyphp\EasyPHP\binaries\mysql\my.ini" --language=english"
06/11 16:21:39 EasyPHP EasyPHP Check version
06/11 16:23:16 EasyPHP EasyPHP Stop the servers
06/11 16:23:16 EasyPHP Apache stop event: ap1728_shutdown
06/11 16:23:17 EasyPHP MySqlSutdown event = MySQLShutdown9800
06/11 16:23:19 EasyPHP ServerBase::TimerProc : GetProcessVersion Apache (pid: 1728) error 5
06/11 16:23:19 EasyPHP EasyPHP Stop the servers
06/11 16:23:19 EasyPHP End EasyPHP...
01/10 18:54:30 EasyPHP EasyPHP Servers starting
01/10 18:54:31 EasyPHP Apache CreateProcess "C:\Users\Helz\Desktop\EasyPHP\binaries\apache\bin\eds-httpd.exe"
01/10 18:54:31 EasyPHP CreateProcess "C:\Users\Helz\Desktop\EasyPHP\binaries\mysql\bin\eds-mysqld.exe --defaults-file="C:\Users\Helz\Desktop\EasyPHP\binaries\mysql\my.ini" --language=english"
01/10 18:54:36 EasyPHP EasyPHP Check version
01/10 19:09:20 EasyPHP EasyPHP Stop the servers
01/10 19:09:20 EasyPHP Apache stop event: ap9904_shutdown
01/10 19:09:21 EasyPHP MySqlSutdown event = MySQLShutdown11164
01/10 19:09:23 EasyPHP ServerBase::TimerProc : GetProcessVersion Apache (pid: 9904) error 5
01/10 19:09:25 EasyPHP ServerBase::TimerProc : GetProcessVersion MySQL (pid: 11164) error 5
01/10 19:09:26 EasyPHP EasyPHP Stop the servers
01/10 19:09:26 EasyPHP End EasyPHP...
01/10 19:12:50 EasyPHP EasyPHP Servers starting
01/10 19:12:51 EasyPHP Apache CreateProcess "C:\Users\Helz\Desktop\EASYPH~3\binaries\apache\bin\eds-httpd.exe"
01/10 19:12:51 EasyPHP CreateProcess "C:\Users\Helz\Desktop\EASYPH~3\binaries\mysql\bin\eds-mysqld.exe --defaults-file="C:\Users\Helz\Desktop\EASYPH~3\binaries\mysql\my.ini" --language=english"
01/10 19:12:56 EasyPHP EasyPHP Check version
01/10 19:13:23 EasyPHP EasyPHP Stop the servers
01/10 19:13:23 EasyPHP Apache stop event: ap6388_shutdown
01/10 19:13:24 EasyPHP MySqlSutdown event = MySQLShutdown17460
01/10 19:13:24 EasyPHP End EasyPHP...
09/03 19:53:09 EasyPHP EasyPHP Servers starting
09/03 19:53:10 EasyPHP Apache CreateProcess "G:\Projects\University\5COM\CSDE\GP3\binaries\apache\bin\eds-httpd.exe"
09/03 19:53:10 EasyPHP CreateProcess "G:\Projects\University\5COM\CSDE\GP3\binaries\mysql\bin\eds-mysqld.exe --defaults-file="G:\Projects\University\5COM\CSDE\GP3\binaries\mysql\my.ini" --language=english"
09/03 19:53:15 EasyPHP EasyPHP Check version
09/03 21:24:33 EasyPHP Apache stop event: ap13072_shutdown
09/03 21:24:35 EasyPHP MySqlSutdown event = MySQLShutdown34592
09/03 21:24:36 EasyPHP ServerBase::TimerProc : GetProcessVersion Apache (pid: 13072) error 5
09/03 21:24:37 EasyPHP ServerBase::TimerProc : GetProcessVersion MySQL (pid: 34592) error 5
09/03 21:24:39 EasyPHP EasyPHP Stop the servers
09/03 21:24:39 EasyPHP End EasyPHP...
10/03 11:55:56 EasyPHP EasyPHP Servers starting
10/03 11:55:57 EasyPHP Apache CreateProcess "G:\Projects\University\5COM\CSDE\GP3\binaries\apache\bin\eds-httpd.exe"
10/03 11:55:57 EasyPHP CreateProcess "G:\Projects\University\5COM\CSDE\GP3\binaries\mysql\bin\eds-mysqld.exe --defaults-file="G:\Projects\University\5COM\CSDE\GP3\binaries\mysql\my.ini" --language=english"
10/03 11:56:02 EasyPHP EasyPHP Check version
10/03 17:38:35 EasyPHP EasyPHP Stop the servers
10/03 17:38:35 EasyPHP Apache stop event: ap3892_shutdown
10/03 17:38:36 EasyPHP MySqlSutdown event = MySQLShutdown28676
10/03 17:38:36 EasyPHP End EasyPHP...
11/03 10:03:31 EasyPHP EasyPHP Servers starting
11/03 10:03:32 EasyPHP Apache CreateProcess "G:\Projects\University\5COM\CSDE\GP3\binaries\apache\bin\eds-httpd.exe"
11/03 10:03:32 EasyPHP CreateProcess "G:\Projects\University\5COM\CSDE\GP3\binaries\mysql\bin\eds-mysqld.exe --defaults-file="G:\Projects\University\5COM\CSDE\GP3\binaries\mysql\my.ini" --language=english"
11/03 10:03:37 EasyPHP EasyPHP Check version
11/03 10:03:38 EasyPHP ServerBase::TimerProc : GetProcessVersion MySQL (pid: 10460) error 5
11/03 10:03:38 EasyPHP MySql   Unexpected end of MySql !
11/03 10:03:47 EasyPHP CreateProcess "G:\Projects\University\5COM\CSDE\GP3\binaries\mysql\bin\eds-mysqld.exe --defaults-file="G:\Projects\University\5COM\CSDE\GP3\binaries\mysql\my.ini" --language=english"
11/03 10:03:50 EasyPHP ServerBase::TimerProc : GetProcessVersion MySQL (pid: 9048) error 5
11/03 10:03:50 EasyPHP MySql   Unexpected end of MySql !
11/03 10:03:53 EasyPHP EasyPHP Stop the servers
11/03 10:03:53 EasyPHP Apache stop event: ap16340_shutdown
11/03 10:03:54 EasyPHP End EasyPHP...
11/03 10:05:56 EasyPHP EasyPHP Servers starting
11/03 10:05:56 EasyPHP Apache CreateProcess "G:\Projects\University\5COM\CSDE\GP3\binaries\apache\bin\eds-httpd.exe"
11/03 10:05:56 EasyPHP CreateProcess "G:\Projects\University\5COM\CSDE\GP3\binaries\mysql\bin\eds-mysqld.exe --defaults-file="G:\Projects\University\5COM\CSDE\GP3\binaries\mysql\my.ini" --language=english"
11/03 10:05:58 EasyPHP ServerBase::TimerProc : GetProcessVersion MySQL (pid: 18268) error 5
11/03 10:05:58 EasyPHP MySql   Unexpected end of MySql !
11/03 10:06:01 EasyPHP EasyPHP Check version
11/03 10:07:25 EasyPHP CreateProcess "G:\Projects\University\5COM\CSDE\GP3\binaries\mysql\bin\eds-mysqld.exe --defaults-file="G:\Projects\University\5COM\CSDE\GP3\binaries\mysql\my.ini" --language=english"
11/03 10:07:28 EasyPHP ServerBase::TimerProc : GetProcessVersion MySQL (pid: 16432) error 5
11/03 10:07:28 EasyPHP MySql   Unexpected end of MySql !
11/03 10:08:59 EasyPHP CreateProcess "G:\Projects\University\5COM\CSDE\GP3\binaries\mysql\bin\eds-mysqld.exe --defaults-file="G:\Projects\University\5COM\CSDE\GP3\binaries\mysql\my.ini" --language=english"
11/03 10:09:02 EasyPHP ServerBase::TimerProc : GetProcessVersion MySQL (pid: 3644) error 5
11/03 10:09:02 EasyPHP MySql   Unexpected end of MySql !
11/03 10:09:22 EasyPHP EasyPHP Stop the servers
11/03 10:09:22 EasyPHP Apache stop event: ap15340_shutdown
11/03 10:09:23 EasyPHP End EasyPHP...
11/03 10:17:01 EasyPHP EasyPHP Servers starting
11/03 10:17:02 EasyPHP EasyPHP Error in Apache configuration file.
11/03 10:17:07 EasyPHP Apache VerifyConfFile fail...
11/03 10:17:07 EasyPHP CreateProcess "G:\Projects\University\5COM\CSDE\GP3\binaries\mysql\bin\eds-mysqld.exe --defaults-file="G:\Projects\University\5COM\CSDE\GP3\binaries\mysql\my.ini" --language=english"
11/03 10:17:08 EasyPHP ServerBase::TimerProc : GetProcessVersion MySQL (pid: 16136) error 5
11/03 10:17:08 EasyPHP ServerBase::TimerProc : GetProcessVersion MySQL (pid: 16136) error 5
11/03 10:17:09 EasyPHP ServerBase::TimerProc : GetProcessVersion MySQL (pid: 16136) error 5
11/03 10:17:10 EasyPHP ServerBase::TimerProc : GetProcessVersion MySQL (pid: 16136) error 5
11/03 10:17:11 EasyPHP ServerBase::TimerProc : GetProcessVersion MySQL (pid: 16136) error 5
11/03 10:17:12 EasyPHP EasyPHP Stop the servers
11/03 10:17:12 EasyPHP End EasyPHP...
11/03 10:17:22 EasyPHP EasyPHP Servers starting
11/03 10:17:23 EasyPHP EasyPHP Error in Apache configuration file.
11/03 10:17:25 EasyPHP Apache VerifyConfFile fail...
11/03 10:17:25 EasyPHP CreateProcess "G:\Projects\University\5COM\CSDE\GP3\binaries\mysql\bin\eds-mysqld.exe --defaults-file="G:\Projects\University\5COM\CSDE\GP3\binaries\mysql\my.ini" --language=english"
11/03 10:17:26 EasyPHP ServerBase::TimerProc : GetProcessVersion MySQL (pid: 15892) error 5
11/03 10:17:27 EasyPHP ServerBase::TimerProc : GetProcessVersion MySQL (pid: 15892) error 5
11/03 10:17:27 EasyPHP ServerBase::TimerProc : GetProcessVersion MySQL (pid: 15892) error 5
11/03 10:17:28 EasyPHP ServerBase::TimerProc : GetProcessVersion MySQL (pid: 15892) error 5
11/03 10:17:29 EasyPHP ServerBase::TimerProc : GetProcessVersion MySQL (pid: 15892) error 5
11/03 10:17:29 EasyPHP ServerBase::TimerProc : GetProcessVersion MySQL (pid: 15892) error 5
11/03 10:17:30 EasyPHP ServerBase::TimerProc : GetProcessVersion MySQL (pid: 15892) error 5
11/03 10:17:30 EasyPHP EasyPHP Check version
11/03 10:18:18 EasyPHP Apache  Configuration file changed
11/03 10:18:22 EasyPHP Apache CreateProcess "G:\Projects\University\5COM\CSDE\GP3\binaries\apache\bin\eds-httpd.exe"
11/03 10:18:41 EasyPHP EasyPHP Stop the servers
11/03 10:18:41 EasyPHP Apache stop event: ap18088_shutdown
11/03 10:18:42 EasyPHP End EasyPHP...
11/03 10:19:41 EasyPHP EasyPHP Servers starting
11/03 10:19:42 EasyPHP Apache CreateProcess "G:\Projects\University\5COM\CSDE\GP3\binaries\apache\bin\eds-httpd.exe"
11/03 10:19:42 EasyPHP CreateProcess "G:\Projects\University\5COM\CSDE\GP3\binaries\mysql\bin\eds-mysqld.exe --defaults-file="G:\Projects\University\5COM\CSDE\GP3\binaries\mysql\my.ini" --language=english"
11/03 10:19:47 EasyPHP EasyPHP Check version
11/03 10:58:54 EasyPHP EasyPHP Servers are restarting...
11/03 10:58:55 EasyPHP Apache restart event: ap1508_restart
11/03 10:58:55 EasyPHP MySqlSutdown event = MySQLShutdown7312
11/03 10:58:58 EasyPHP ServerBase::TimerProc : GetProcessVersion MySQL (pid: 7312) error 5
11/03 10:58:58 EasyPHP CreateProcess "G:\Projects\University\5COM\CSDE\GP3\binaries\mysql\bin\eds-mysqld.exe --defaults-file="G:\Projects\University\5COM\CSDE\GP3\binaries\mysql\my.ini" --language=english"
11/03 11:03:11 EasyPHP EasyPHP Stop the servers
11/03 11:03:11 EasyPHP Apache stop event: ap1508_shutdown
11/03 11:03:12 EasyPHP MySqlSutdown event = MySQLShutdown14264
11/03 11:03:12 EasyPHP End EasyPHP...
11/03 13:45:48 EasyPHP EasyPHP Servers starting
11/03 13:45:49 EasyPHP Apache CreateProcess "G:\Projects\University\5COM\CSDE\GP3\binaries\apache\bin\eds-httpd.exe"
11/03 13:45:49 EasyPHP CreateProcess "G:\Projects\University\5COM\CSDE\GP3\binaries\mysql\bin\eds-mysqld.exe --defaults-file="G:\Projects\University\5COM\CSDE\GP3\binaries\mysql\my.ini" --language=english"
11/03 13:45:54 EasyPHP EasyPHP Check version
11/03 14:30:53 EasyPHP Apache restart event: ap352_restart
11/03 14:30:57 EasyPHP Apache restart event: ap352_restart
11/03 14:31:00 EasyPHP Apache stop event: ap352_shutdown
11/03 14:31:03 EasyPHP ServerBase::TimerProc : GetProcessVersion Apache (pid: 352) error 5
11/03 14:31:05 EasyPHP Apache CreateProcess "G:\Projects\University\5COM\CSDE\GP3\binaries\apache\bin\eds-httpd.exe"
11/03 14:33:34 EasyPHP MySqlSutdown event = MySQLShutdown2016
11/03 14:33:35 EasyPHP Apache stop event: ap11376_shutdown
11/03 14:33:37 EasyPHP ServerBase::TimerProc : GetProcessVersion MySQL (pid: 2016) error 5
11/03 14:33:37 EasyPHP ServerBase::TimerProc : GetProcessVersion Apache (pid: 11376) error 5
11/03 14:33:39 EasyPHP Apache CreateProcess "G:\Projects\University\5COM\CSDE\GP3\binaries\apache\bin\eds-httpd.exe"
11/03 14:33:40 EasyPHP CreateProcess "G:\Projects\University\5COM\CSDE\GP3\binaries\mysql\bin\eds-mysqld.exe --defaults-file="G:\Projects\University\5COM\CSDE\GP3\binaries\mysql\my.ini" --language=english"
11/03 15:05:24 EasyPHP Apache stop event: ap1228_shutdown
11/03 15:05:26 EasyPHP MySqlSutdown event = MySQLShutdown14796
11/03 15:05:26 EasyPHP ServerBase::TimerProc : GetProcessVersion Apache (pid: 1228) error 5
11/03 15:05:29 EasyPHP EasyPHP Stop the servers
11/03 15:05:29 EasyPHP End EasyPHP...
12/03 10:24:06 EasyPHP EasyPHP Servers starting
12/03 10:24:07 EasyPHP Apache CreateProcess "G:\Projects\University\5COM\CSDE\GP3\binaries\apache\bin\eds-httpd.exe"
12/03 10:24:07 EasyPHP CreateProcess "G:\Projects\University\5COM\CSDE\GP3\binaries\mysql\bin\eds-mysqld.exe --defaults-file="G:\Projects\University\5COM\CSDE\GP3\binaries\mysql\my.ini" --language=english"
12/03 10:24:12 EasyPHP EasyPHP Check version
12/03 19:32:17 EasyPHP EasyPHP Stop the servers
12/03 19:32:17 EasyPHP Apache stop event: ap12972_shutdown
12/03 19:32:18 EasyPHP MySqlSutdown event = MySQLShutdown15860
12/03 19:32:18 EasyPHP End EasyPHP...
12/03 20:39:38 EasyPHP EasyPHP Servers starting
12/03 20:39:39 EasyPHP Apache CreateProcess "G:\Projects\University\5COM\CSDE\GP3\binaries\apache\bin\eds-httpd.exe"
12/03 20:39:39 EasyPHP CreateProcess "G:\Projects\University\5COM\CSDE\GP3\binaries\mysql\bin\eds-mysqld.exe --defaults-file="G:\Projects\University\5COM\CSDE\GP3\binaries\mysql\my.ini" --language=english"
12/03 20:39:44 EasyPHP EasyPHP Check version
12/03 22:45:42 EasyPHP EasyPHP Stop the servers
12/03 22:45:42 EasyPHP Apache stop event: ap14380_shutdown
12/03 22:45:43 EasyPHP MySqlSutdown event = MySQLShutdown23808
12/03 22:45:43 EasyPHP End EasyPHP...
13/03 09:17:42 EasyPHP EasyPHP Servers starting
13/03 09:17:45 EasyPHP Apache CreateProcess "G:\Projects\University\5COM\CSDE\GP3\binaries\apache\bin\eds-httpd.exe"
13/03 09:17:45 EasyPHP CreateProcess "G:\Projects\University\5COM\CSDE\GP3\binaries\mysql\bin\eds-mysqld.exe --defaults-file="G:\Projects\University\5COM\CSDE\GP3\binaries\mysql\my.ini" --language=english"
13/03 09:17:50 EasyPHP EasyPHP Check version
13/03 10:36:43 EasyPHP Apache stop event: ap21496_shutdown
13/03 10:36:45 EasyPHP MySqlSutdown event = MySQLShutdown24900
13/03 10:36:46 EasyPHP ServerBase::TimerProc : GetProcessVersion Apache (pid: 21496) error 5
13/03 10:36:49 EasyPHP ServerBase::TimerProc : GetProcessVersion MySQL (pid: 24900) error 5
13/03 10:36:50 EasyPHP EasyPHP Stop the servers
13/03 10:36:50 EasyPHP End EasyPHP...
13/03 16:49:56 EasyPHP EasyPHP Servers starting
13/03 16:49:57 EasyPHP Apache CreateProcess "G:\Projects\University\5COM\CSDE\GP3\binaries\apache\bin\eds-httpd.exe"
13/03 16:49:57 EasyPHP CreateProcess "G:\Projects\University\5COM\CSDE\GP3\binaries\mysql\bin\eds-mysqld.exe --defaults-file="G:\Projects\University\5COM\CSDE\GP3\binaries\mysql\my.ini" --language=english"
13/03 16:50:02 EasyPHP EasyPHP Check version
13/03 17:59:07 EasyPHP EasyPHP Stop the servers
13/03 17:59:07 EasyPHP Apache stop event: ap16948_shutdown
13/03 17:59:08 EasyPHP MySqlSutdown event = MySQLShutdown24696
13/03 17:59:08 EasyPHP End EasyPHP...
