[Thu Sep 03 15:08:06.048771 2015] [mpm_winnt:notice] [pid 4980:tid 272] AH00455: Apache/2.4.7 (Win32) PHP/5.5.8 configured -- resuming normal operations
[Thu Sep 03 15:08:06.048771 2015] [mpm_winnt:notice] [pid 4980:tid 272] AH00456: Apache Lounge VC11 Server built: Nov 21 2013 20:13:01
[Thu Sep 03 15:08:06.048771 2015] [core:notice] [pid 4980:tid 272] AH00094: Command line: 'C:\\Users\\comqls\\Desktop\\EASYPH~1.1VC\\binaries\\apache\\bin\\eds-httpd.exe -d C:/Users/comqls/Desktop/EasyPHP-DevServer-14.1VC11/binaries/apache'
[Thu Sep 03 15:08:06.066371 2015] [mpm_winnt:notice] [pid 4980:tid 272] AH00418: Parent: Created child process 7156
[Thu Sep 03 15:08:06.434573 2015] [mpm_winnt:notice] [pid 7156:tid 292] AH00354: Child: Starting 64 worker threads.
[Thu Sep 03 15:44:06.651214 2015] [core:warn] [pid 1656:tid 168] AH00098: pid file G:/EasyPHP-DevServer-14.1VC11/binaries/apache/logs/httpd.pid overwritten -- Unclean shutdown of previous Apache run?
[Thu Sep 03 15:44:06.760414 2015] [mpm_winnt:notice] [pid 1656:tid 168] AH00455: Apache/2.4.7 (Win32) PHP/5.5.8 configured -- resuming normal operations
[Thu Sep 03 15:44:06.760414 2015] [mpm_winnt:notice] [pid 1656:tid 168] AH00456: Apache Lounge VC11 Server built: Nov 21 2013 20:13:01
[Thu Sep 03 15:44:06.760414 2015] [core:notice] [pid 1656:tid 168] AH00094: Command line: 'G:\\EASYPH~1.1VC\\binaries\\apache\\bin\\eds-httpd.exe -d G:/EasyPHP-DevServer-14.1VC11/binaries/apache'
[Thu Sep 03 15:44:06.791614 2015] [mpm_winnt:notice] [pid 1656:tid 168] AH00418: Parent: Created child process 6888
[Thu Sep 03 15:44:08.086417 2015] [mpm_winnt:notice] [pid 6888:tid 292] AH00354: Child: Starting 64 worker threads.
[Thu Sep 03 16:16:04.277414 2015] [mpm_winnt:notice] [pid 1656:tid 168] AH00422: Parent: Received shutdown signal -- Shutting down the server.
[Thu Sep 03 16:16:06.305418 2015] [mpm_winnt:notice] [pid 6888:tid 292] AH00364: Child: All worker threads have exited.
[Thu Sep 03 16:16:06.414618 2015] [mpm_winnt:notice] [pid 1656:tid 168] AH00430: Parent: Child process 6888 exited successfully.
[Thu Sep 03 16:17:44.955392 2015] [mpm_winnt:notice] [pid 5660:tid 272] AH00455: Apache/2.4.7 (Win32) PHP/5.5.8 configured -- resuming normal operations
[Thu Sep 03 16:17:44.955392 2015] [mpm_winnt:notice] [pid 5660:tid 272] AH00456: Apache Lounge VC11 Server built: Nov 21 2013 20:13:01
[Thu Sep 03 16:17:44.955392 2015] [core:notice] [pid 5660:tid 272] AH00094: Command line: 'C:\\Users\\comqls\\Desktop\\EASYPH~1.1VC\\binaries\\apache\\bin\\eds-httpd.exe -d C:/Users/comqls/Desktop/EasyPHP-DevServer-14.1VC11/binaries/apache'
[Thu Sep 03 16:17:44.970992 2015] [mpm_winnt:notice] [pid 5660:tid 272] AH00418: Parent: Created child process 5564
[Thu Sep 03 16:17:45.360992 2015] [mpm_winnt:notice] [pid 5564:tid 292] AH00354: Child: Starting 64 worker threads.
[Thu Sep 03 17:12:58.888345 2015] [mpm_winnt:notice] [pid 5660:tid 272] AH00422: Parent: Received shutdown signal -- Shutting down the server.
[Thu Sep 03 17:13:00.916348 2015] [mpm_winnt:notice] [pid 5564:tid 292] AH00364: Child: All worker threads have exited.
[Thu Sep 03 17:13:00.931948 2015] [mpm_winnt:notice] [pid 5660:tid 272] AH00430: Parent: Child process 5564 exited successfully.
[Thu Sep 03 18:22:28.796654 2015] [mpm_winnt:notice] [pid 9024:tid 300] AH00455: Apache/2.4.7 (Win32) PHP/5.5.8 configured -- resuming normal operations
[Thu Sep 03 18:22:28.796654 2015] [mpm_winnt:notice] [pid 9024:tid 300] AH00456: Apache Lounge VC11 Server built: Nov 21 2013 20:13:01
[Thu Sep 03 18:22:28.796654 2015] [core:notice] [pid 9024:tid 300] AH00094: Command line: 'F:\\EASYPH~1.1VC\\binaries\\apache\\bin\\eds-httpd.exe -d F:/EasyPHP-DevServer-14.1VC11/binaries/apache'
[Thu Sep 03 18:22:28.827902 2015] [mpm_winnt:notice] [pid 9024:tid 300] AH00418: Parent: Created child process 10456
[Thu Sep 03 18:22:32.094903 2015] [mpm_winnt:notice] [pid 10456:tid 416] AH00354: Child: Starting 64 worker threads.
[Thu Sep 03 18:27:34.944672 2015] [core:warn] [pid 9972:tid 352] AH00098: pid file C:/Users/Helz/Desktop/EasyPHP-DevServer-14.1VC11/binaries/apache/logs/httpd.pid overwritten -- Unclean shutdown of previous Apache run?
[Thu Sep 03 18:27:34.991547 2015] [mpm_winnt:notice] [pid 9972:tid 352] AH00455: Apache/2.4.7 (Win32) PHP/5.5.8 configured -- resuming normal operations
[Thu Sep 03 18:27:34.991547 2015] [mpm_winnt:notice] [pid 9972:tid 352] AH00456: Apache Lounge VC11 Server built: Nov 21 2013 20:13:01
[Thu Sep 03 18:27:34.991547 2015] [core:notice] [pid 9972:tid 352] AH00094: Command line: 'C:\\Users\\Helz\\Desktop\\EASYPH~1.1VC\\binaries\\apache\\bin\\eds-httpd.exe -d C:/Users/Helz/Desktop/EasyPHP-DevServer-14.1VC11/binaries/apache'
[Thu Sep 03 18:27:35.007171 2015] [mpm_winnt:notice] [pid 9972:tid 352] AH00418: Parent: Created child process 10728
[Thu Sep 03 18:27:35.491552 2015] [mpm_winnt:notice] [pid 10728:tid 328] AH00354: Child: Starting 64 worker threads.
[Thu Sep 03 18:29:48.154182 2015] [mpm_winnt:notice] [pid 9972:tid 352] AH00422: Parent: Received shutdown signal -- Shutting down the server.
[Thu Sep 03 18:29:50.185520 2015] [mpm_winnt:notice] [pid 10728:tid 328] AH00364: Child: All worker threads have exited.
[Thu Sep 03 18:29:50.216765 2015] [mpm_winnt:notice] [pid 9972:tid 352] AH00430: Parent: Child process 10728 exited successfully.
[Thu Sep 03 19:18:23.230629 2015] [mpm_winnt:notice] [pid 10196:tid 64] AH00455: Apache/2.4.7 (Win32) PHP/5.5.8 configured -- resuming normal operations
[Thu Sep 03 19:18:23.230629 2015] [mpm_winnt:notice] [pid 10196:tid 64] AH00456: Apache Lounge VC11 Server built: Nov 21 2013 20:13:01
[Thu Sep 03 19:18:23.230629 2015] [core:notice] [pid 10196:tid 64] AH00094: Command line: 'C:\\Users\\Helz\\Desktop\\EASYPH~1.1VC\\binaries\\apache\\bin\\eds-httpd.exe -d C:/Users/Helz/Desktop/EasyPHP-DevServer-14.1VC11/binaries/apache'
[Thu Sep 03 19:18:23.246255 2015] [mpm_winnt:notice] [pid 10196:tid 64] AH00418: Parent: Created child process 2120
[Thu Sep 03 19:18:23.730636 2015] [mpm_winnt:notice] [pid 2120:tid 408] AH00354: Child: Starting 64 worker threads.
[Thu Sep 03 19:19:58.243674 2015] [:error] [pid 2120:tid 912] [client 127.0.0.1:56208] PHP Fatal error:  Cannot access empty property in C:\\Users\\Helz\\Desktop\\EasyPHP-DevServer-14.1VC11\\data\\localweb\\kevandlindsay2\\application\\libraries\\Grocery_CRUD.php on line 1595
[Thu Sep 03 19:20:30.030033 2015] [:error] [pid 2120:tid 912] [client 127.0.0.1:56212] PHP Fatal error:  Cannot access empty property in C:\\Users\\Helz\\Desktop\\EasyPHP-DevServer-14.1VC11\\data\\localweb\\kevandlindsay2\\application\\libraries\\Grocery_CRUD.php on line 1595
[Thu Sep 03 20:48:20.190183 2015] [mpm_winnt:notice] [pid 10196:tid 64] AH00422: Parent: Received shutdown signal -- Shutting down the server.
[Thu Sep 03 20:48:22.215072 2015] [mpm_winnt:notice] [pid 2120:tid 408] AH00364: Child: All worker threads have exited.
[Thu Sep 03 20:48:22.246322 2015] [mpm_winnt:notice] [pid 10196:tid 64] AH00430: Parent: Child process 2120 exited successfully.
[Thu Sep 03 20:49:57.689610 2015] [mpm_winnt:notice] [pid 9656:tid 388] AH00455: Apache/2.4.7 (Win32) PHP/5.5.8 configured -- resuming normal operations
[Thu Sep 03 20:49:57.689610 2015] [mpm_winnt:notice] [pid 9656:tid 388] AH00456: Apache Lounge VC11 Server built: Nov 21 2013 20:13:01
[Thu Sep 03 20:49:57.689610 2015] [core:notice] [pid 9656:tid 388] AH00094: Command line: 'C:\\Users\\Helz\\Desktop\\EASYPH~1.1VC\\binaries\\apache\\bin\\eds-httpd.exe -d C:/Users/Helz/Desktop/EasyPHP-DevServer-14.1VC11/binaries/apache'
[Thu Sep 03 20:49:57.705219 2015] [mpm_winnt:notice] [pid 9656:tid 388] AH00418: Parent: Created child process 8568
[Thu Sep 03 20:49:58.080233 2015] [mpm_winnt:notice] [pid 8568:tid 404] AH00354: Child: Starting 64 worker threads.
[Thu Sep 03 20:53:45.248456 2015] [mpm_winnt:notice] [pid 9656:tid 388] AH00422: Parent: Received shutdown signal -- Shutting down the server.
[Thu Sep 03 20:53:47.279730 2015] [mpm_winnt:notice] [pid 8568:tid 404] AH00364: Child: All worker threads have exited.
[Thu Sep 03 20:53:47.326551 2015] [mpm_winnt:notice] [pid 9656:tid 388] AH00430: Parent: Child process 8568 exited successfully.
[Thu Sep 03 20:58:36.688841 2015] [core:warn] [pid 9836:tid 380] AH00098: pid file F:/EasyPHP-DevServer-14.1VC11/binaries/apache/logs/httpd.pid overwritten -- Unclean shutdown of previous Apache run?
[Thu Sep 03 20:58:37.626346 2015] [mpm_winnt:notice] [pid 9836:tid 380] AH00455: Apache/2.4.7 (Win32) PHP/5.5.8 configured -- resuming normal operations
[Thu Sep 03 20:58:37.626346 2015] [mpm_winnt:notice] [pid 9836:tid 380] AH00456: Apache Lounge VC11 Server built: Nov 21 2013 20:13:01
[Thu Sep 03 20:58:37.626346 2015] [core:notice] [pid 9836:tid 380] AH00094: Command line: 'F:\\EASYPH~1.1VC\\binaries\\apache\\bin\\eds-httpd.exe -d F:/EasyPHP-DevServer-14.1VC11/binaries/apache'
[Thu Sep 03 20:58:37.657636 2015] [mpm_winnt:notice] [pid 9836:tid 380] AH00418: Parent: Created child process 7420
[Thu Sep 03 20:58:38.394247 2015] [mpm_winnt:notice] [pid 7420:tid 576] AH00354: Child: Starting 64 worker threads.
[Thu Sep 03 21:01:07.048980 2015] [mpm_winnt:notice] [pid 9836:tid 380] AH00422: Parent: Received shutdown signal -- Shutting down the server.
[Thu Sep 03 21:01:09.081453 2015] [mpm_winnt:notice] [pid 7420:tid 576] AH00364: Child: All worker threads have exited.
[Thu Sep 03 21:01:09.128272 2015] [mpm_winnt:notice] [pid 9836:tid 380] AH00430: Parent: Child process 7420 exited successfully.
[Thu Sep 03 21:02:11.437066 2015] [mpm_winnt:notice] [pid 5128:tid 424] AH00455: Apache/2.4.7 (Win32) PHP/5.5.8 configured -- resuming normal operations
[Thu Sep 03 21:02:11.438066 2015] [mpm_winnt:notice] [pid 5128:tid 424] AH00456: Apache Lounge VC11 Server built: Nov 21 2013 20:13:01
[Thu Sep 03 21:02:11.438066 2015] [core:notice] [pid 5128:tid 424] AH00094: Command line: 'F:\\EASYPH~1.1VC\\binaries\\apache\\bin\\eds-httpd.exe -d F:/EasyPHP-DevServer-14.1VC11/binaries/apache'
[Thu Sep 03 21:02:11.483777 2015] [mpm_winnt:notice] [pid 5128:tid 424] AH00418: Parent: Created child process 10156
[Thu Sep 03 21:02:12.163316 2015] [mpm_winnt:notice] [pid 10156:tid 396] AH00354: Child: Starting 64 worker threads.
[Thu Sep 03 21:07:19.962569 2015] [mpm_winnt:notice] [pid 5128:tid 424] AH00422: Parent: Received shutdown signal -- Shutting down the server.
[Thu Sep 03 21:07:21.982095 2015] [mpm_winnt:notice] [pid 10156:tid 396] AH00364: Child: All worker threads have exited.
[Thu Sep 03 21:07:22.497723 2015] [mpm_winnt:notice] [pid 5128:tid 424] AH00430: Parent: Child process 10156 exited successfully.
[Fri Sep 04 12:18:04.731936 2015] [mpm_winnt:notice] [pid 7604:tid 272] AH00455: Apache/2.4.7 (Win32) PHP/5.5.8 configured -- resuming normal operations
[Fri Sep 04 12:18:04.731936 2015] [mpm_winnt:notice] [pid 7604:tid 272] AH00456: Apache Lounge VC11 Server built: Nov 21 2013 20:13:01
[Fri Sep 04 12:18:04.731936 2015] [core:notice] [pid 7604:tid 272] AH00094: Command line: 'C:\\Users\\comqls\\Desktop\\easyphp\\EASYPH~2.1VC\\binaries\\apache\\bin\\eds-httpd.exe -d C:/Users/comqls/Desktop/easyphp/EasyPHP-DevServer-14.1VC11/binaries/apache'
[Fri Sep 04 12:18:04.740937 2015] [mpm_winnt:notice] [pid 7604:tid 272] AH00418: Parent: Created child process 8164
[Fri Sep 04 12:18:05.100937 2015] [mpm_winnt:notice] [pid 8164:tid 292] AH00354: Child: Starting 64 worker threads.
[Fri Sep 04 14:14:50.924077 2015] [mpm_winnt:notice] [pid 7604:tid 272] AH00422: Parent: Received shutdown signal -- Shutting down the server.
[Fri Sep 04 14:14:52.927191 2015] [mpm_winnt:notice] [pid 8164:tid 292] AH00364: Child: All worker threads have exited.
[Fri Sep 04 14:14:53.042198 2015] [mpm_winnt:notice] [pid 7604:tid 272] AH00430: Parent: Child process 8164 exited successfully.
[Fri Sep 04 14:18:59.669304 2015] [mpm_winnt:notice] [pid 8828:tid 272] AH00455: Apache/2.4.7 (Win32) PHP/5.5.8 configured -- resuming normal operations
[Fri Sep 04 14:18:59.670304 2015] [mpm_winnt:notice] [pid 8828:tid 272] AH00456: Apache Lounge VC11 Server built: Nov 21 2013 20:13:01
[Fri Sep 04 14:18:59.670304 2015] [core:notice] [pid 8828:tid 272] AH00094: Command line: 'C:\\Users\\comqls\\Desktop\\easyphp\\EASYPH~2.1VC\\binaries\\apache\\bin\\eds-httpd.exe -d C:/Users/comqls/Desktop/easyphp/EasyPHP-DevServer-14.1VC11/binaries/apache'
[Fri Sep 04 14:18:59.679305 2015] [mpm_winnt:notice] [pid 8828:tid 272] AH00418: Parent: Created child process 8632
[Fri Sep 04 14:19:00.027325 2015] [mpm_winnt:notice] [pid 8632:tid 292] AH00354: Child: Starting 64 worker threads.
[Sun Sep 06 19:57:19.935154 2015] [core:warn] [pid 14888:tid 348] AH00098: pid file C:/Users/Helz/Desktop/EasyPHP-DevServer-14.1VC11/binaries/apache/logs/httpd.pid overwritten -- Unclean shutdown of previous Apache run?
[Sun Sep 06 19:57:19.966385 2015] [mpm_winnt:notice] [pid 14888:tid 348] AH00455: Apache/2.4.7 (Win32) PHP/5.5.8 configured -- resuming normal operations
[Sun Sep 06 19:57:19.966385 2015] [mpm_winnt:notice] [pid 14888:tid 348] AH00456: Apache Lounge VC11 Server built: Nov 21 2013 20:13:01
[Sun Sep 06 19:57:19.966385 2015] [core:notice] [pid 14888:tid 348] AH00094: Command line: 'C:\\Users\\Helz\\Desktop\\EASYPH~2.1VC\\binaries\\apache\\bin\\eds-httpd.exe -d C:/Users/Helz/Desktop/EasyPHP-DevServer-14.1VC11/binaries/apache'
[Sun Sep 06 19:57:19.997636 2015] [mpm_winnt:notice] [pid 14888:tid 348] AH00418: Parent: Created child process 13456
[Sun Sep 06 19:57:20.484206 2015] [mpm_winnt:notice] [pid 13456:tid 408] AH00354: Child: Starting 64 worker threads.
[Mon Sep 07 18:43:07.606206 2015] [core:warn] [pid 7300:tid 168] AH00098: pid file G:/easyphp/EasyPHP-DevServer-14.1VC11/binaries/apache/logs/httpd.pid overwritten -- Unclean shutdown of previous Apache run?
[Mon Sep 07 18:43:17.726784 2015] [mpm_winnt:notice] [pid 7300:tid 168] AH00455: Apache/2.4.7 (Win32) PHP/5.5.8 configured -- resuming normal operations
[Mon Sep 07 18:43:17.726784 2015] [mpm_winnt:notice] [pid 7300:tid 168] AH00456: Apache Lounge VC11 Server built: Nov 21 2013 20:13:01
[Mon Sep 07 18:43:17.726784 2015] [core:notice] [pid 7300:tid 168] AH00094: Command line: 'G:\\easyphp\\EASYPH~1.1VC\\binaries\\apache\\bin\\eds-httpd.exe -d G:/easyphp/EasyPHP-DevServer-14.1VC11/binaries/apache'
[Mon Sep 07 18:43:19.734899 2015] [mpm_winnt:notice] [pid 7300:tid 168] AH00418: Parent: Created child process 7952
[Mon Sep 07 18:43:21.315990 2015] [mpm_winnt:notice] [pid 7952:tid 292] AH00354: Child: Starting 64 worker threads.
[Mon Sep 07 18:43:41.338135 2015] [mpm_winnt:notice] [pid 7300:tid 168] AH00428: Parent: child process 7952 exited with status 3221225477 -- Restarting.
[Mon Sep 07 18:43:41.415139 2015] [mpm_winnt:notice] [pid 7300:tid 168] AH00455: Apache/2.4.7 (Win32) PHP/5.5.8 configured -- resuming normal operations
[Mon Sep 07 18:43:41.415139 2015] [mpm_winnt:notice] [pid 7300:tid 168] AH00456: Apache Lounge VC11 Server built: Nov 21 2013 20:13:01
[Mon Sep 07 18:43:41.415139 2015] [core:notice] [pid 7300:tid 168] AH00094: Command line: 'G:\\easyphp\\EASYPH~1.1VC\\binaries\\apache\\bin\\eds-httpd.exe -d G:/easyphp/EasyPHP-DevServer-14.1VC11/binaries/apache'
[Mon Sep 07 18:43:41.428140 2015] [mpm_winnt:notice] [pid 7300:tid 168] AH00418: Parent: Created child process 1496
[Mon Sep 07 18:43:41.812162 2015] [mpm_winnt:notice] [pid 1496:tid 292] AH00354: Child: Starting 64 worker threads.
[Mon Sep 07 18:51:01.471963 2015] [mpm_winnt:notice] [pid 7300:tid 168] AH00422: Parent: Received shutdown signal -- Shutting down the server.
[Mon Sep 07 18:51:31.486415 2015] [mpm_winnt:notice] [pid 7300:tid 168] AH00431: Parent: Forcing termination of child process 1496
[Mon Sep 07 18:55:03.389221 2015] [mpm_winnt:notice] [pid 7936:tid 272] AH00455: Apache/2.4.7 (Win32) PHP/5.5.8 configured -- resuming normal operations
[Mon Sep 07 18:55:03.389221 2015] [mpm_winnt:notice] [pid 7936:tid 272] AH00456: Apache Lounge VC11 Server built: Nov 21 2013 20:13:01
[Mon Sep 07 18:55:03.389221 2015] [core:notice] [pid 7936:tid 272] AH00094: Command line: 'C:\\Users\\comqls\\Desktop\\easyphp\\EASYPH~1.1VC\\binaries\\apache\\bin\\eds-httpd.exe -d C:/Users/comqls/Desktop/easyphp/EasyPHP-DevServer-14.1VC11_7thSept/binaries/apache'
[Mon Sep 07 18:55:03.389221 2015] [mpm_winnt:notice] [pid 7936:tid 272] AH00418: Parent: Created child process 5620
[Mon Sep 07 18:55:03.810422 2015] [mpm_winnt:notice] [pid 5620:tid 292] AH00354: Child: Starting 64 worker threads.
[Mon Sep 07 20:16:18.431602 2015] [mpm_winnt:notice] [pid 7936:tid 272] AH00422: Parent: Received shutdown signal -- Shutting down the server.
[Mon Sep 07 20:16:20.459606 2015] [mpm_winnt:notice] [pid 5620:tid 292] AH00364: Child: All worker threads have exited.
[Mon Sep 07 20:16:20.475206 2015] [mpm_winnt:notice] [pid 7936:tid 272] AH00430: Parent: Child process 5620 exited successfully.
[Tue Sep 08 15:14:16.410651 2015] [mpm_winnt:notice] [pid 4256:tid 272] AH00455: Apache/2.4.7 (Win32) PHP/5.5.8 configured -- resuming normal operations
[Tue Sep 08 15:14:16.410651 2015] [mpm_winnt:notice] [pid 4256:tid 272] AH00456: Apache Lounge VC11 Server built: Nov 21 2013 20:13:01
[Tue Sep 08 15:14:16.410651 2015] [core:notice] [pid 4256:tid 272] AH00094: Command line: 'C:\\Users\\comqls\\Desktop\\easyphp\\EASYPH~1.1VC\\binaries\\apache\\bin\\eds-httpd.exe -d C:/Users/comqls/Desktop/easyphp/EasyPHP-DevServer-14.1VC11_7thSept/binaries/apache'
[Tue Sep 08 15:14:16.420651 2015] [mpm_winnt:notice] [pid 4256:tid 272] AH00418: Parent: Created child process 5768
[Tue Sep 08 15:14:17.090652 2015] [mpm_winnt:notice] [pid 5768:tid 292] AH00354: Child: Starting 64 worker threads.
[Tue Sep 08 15:58:46.268655 2015] [:error] [pid 5768:tid 780] [client 127.0.0.1:50282] PHP Fatal error:  Cannot redeclare Main::team_output() in C:\\Users\\comqls\\Desktop\\easyphp\\EasyPHP-DevServer-14.1VC11_7thSept\\data\\localweb\\rugbywc15\\application\\controllers\\main.php on line 141, referer: http://localhost:8080/rugbywc15/index.php/main/team
[Tue Sep 08 15:59:46.449097 2015] [:error] [pid 5768:tid 780] [client 127.0.0.1:50292] PHP Fatal error:  Cannot redeclare Main::team_output() in C:\\Users\\comqls\\Desktop\\easyphp\\EasyPHP-DevServer-14.1VC11_7thSept\\data\\localweb\\rugbywc15\\application\\controllers\\main.php on line 141, referer: http://localhost:8080/rugbywc15/index.php/main/team
[Tue Sep 08 16:44:20.756830 2015] [mpm_winnt:notice] [pid 4256:tid 272] AH00422: Parent: Received shutdown signal -- Shutting down the server.
[Tue Sep 08 16:44:22.756833 2015] [mpm_winnt:notice] [pid 5768:tid 292] AH00364: Child: All worker threads have exited.
[Tue Sep 08 16:44:22.786833 2015] [mpm_winnt:notice] [pid 4256:tid 272] AH00430: Parent: Child process 5768 exited successfully.
[Wed Sep 09 12:27:15.159478 2015] [mpm_winnt:notice] [pid 6860:tid 272] AH00455: Apache/2.4.7 (Win32) PHP/5.5.8 configured -- resuming normal operations
[Wed Sep 09 12:27:15.159478 2015] [mpm_winnt:notice] [pid 6860:tid 272] AH00456: Apache Lounge VC11 Server built: Nov 21 2013 20:13:01
[Wed Sep 09 12:27:15.159478 2015] [core:notice] [pid 6860:tid 272] AH00094: Command line: 'C:\\Users\\comqls\\Desktop\\easyphp\\EASYPH~1.1VC\\binaries\\apache\\bin\\eds-httpd.exe -d C:/Users/comqls/Desktop/easyphp/EasyPHP-DevServer-14.1VC11_7thSept/binaries/apache'
[Wed Sep 09 12:27:15.159478 2015] [mpm_winnt:notice] [pid 6860:tid 272] AH00418: Parent: Created child process 6528
[Wed Sep 09 12:27:15.565079 2015] [mpm_winnt:notice] [pid 6528:tid 292] AH00354: Child: Starting 64 worker threads.
[Wed Sep 09 12:58:05.970970 2015] [:error] [pid 6528:tid 812] [client 127.0.0.1:49669] PHP Fatal error:  Cannot redeclare Main::accessevents_output() in C:\\Users\\comqls\\Desktop\\easyphp\\EasyPHP-DevServer-14.1VC11_7thSept\\data\\localweb\\rugbywc15\\application\\controllers\\main.php on line 198
[Wed Sep 09 12:58:48.971474 2015] [:error] [pid 6528:tid 788] [client 127.0.0.1:49681] PHP Fatal error:  Cannot redeclare Main::accessevents_output() in C:\\Users\\comqls\\Desktop\\easyphp\\EasyPHP-DevServer-14.1VC11_7thSept\\data\\localweb\\rugbywc15\\application\\controllers\\main.php on line 198
[Wed Sep 09 13:05:38.008163 2015] [mpm_winnt:notice] [pid 6860:tid 272] AH00422: Parent: Received shutdown signal -- Shutting down the server.
[Wed Sep 09 13:05:40.036166 2015] [mpm_winnt:notice] [pid 6528:tid 292] AH00364: Child: All worker threads have exited.
[Wed Sep 09 13:05:40.051766 2015] [mpm_winnt:notice] [pid 6860:tid 272] AH00430: Parent: Child process 6528 exited successfully.
[Fri Sep 11 13:04:06.982909 2015] [mpm_winnt:notice] [pid 6936:tid 272] AH00455: Apache/2.4.7 (Win32) PHP/5.5.8 configured -- resuming normal operations
[Fri Sep 11 13:04:06.982909 2015] [mpm_winnt:notice] [pid 6936:tid 272] AH00456: Apache Lounge VC11 Server built: Nov 21 2013 20:13:01
[Fri Sep 11 13:04:06.982909 2015] [core:notice] [pid 6936:tid 272] AH00094: Command line: 'C:\\Users\\comqls\\Desktop\\easyphp\\EASYPH~1.1VC\\binaries\\apache\\bin\\eds-httpd.exe -d C:/Users/comqls/Desktop/easyphp/EasyPHP-DevServer-14.1VC11_7thSept/binaries/apache'
[Fri Sep 11 13:04:07.029709 2015] [mpm_winnt:notice] [pid 6936:tid 272] AH00418: Parent: Created child process 4472
[Fri Sep 11 13:04:07.981311 2015] [mpm_winnt:notice] [pid 4472:tid 292] AH00354: Child: Starting 64 worker threads.
[Fri Sep 11 13:14:27.588945 2015] [mpm_winnt:notice] [pid 6936:tid 272] AH00422: Parent: Received shutdown signal -- Shutting down the server.
[Fri Sep 11 13:14:29.616949 2015] [mpm_winnt:notice] [pid 4472:tid 292] AH00364: Child: All worker threads have exited.
[Fri Sep 11 13:14:29.679349 2015] [mpm_winnt:notice] [pid 6936:tid 272] AH00430: Parent: Child process 4472 exited successfully.
[Thu Sep 24 16:06:27.940425 2015] [mpm_winnt:notice] [pid 6876:tid 272] AH00455: Apache/2.4.7 (Win32) PHP/5.5.8 configured -- resuming normal operations
[Thu Sep 24 16:06:27.940425 2015] [mpm_winnt:notice] [pid 6876:tid 272] AH00456: Apache Lounge VC11 Server built: Nov 21 2013 20:13:01
[Thu Sep 24 16:06:27.940425 2015] [core:notice] [pid 6876:tid 272] AH00094: Command line: 'C:\\Users\\comqls\\Desktop\\easyphp\\EASYPH~1.1VC\\binaries\\apache\\bin\\eds-httpd.exe -d C:/Users/comqls/Desktop/easyphp/EasyPHP-DevServer-14.1VC11_7thSept/binaries/apache'
[Thu Sep 24 16:06:27.940425 2015] [mpm_winnt:notice] [pid 6876:tid 272] AH00418: Parent: Created child process 7892
[Thu Sep 24 16:06:28.377225 2015] [mpm_winnt:notice] [pid 7892:tid 292] AH00354: Child: Starting 64 worker threads.
[Thu Sep 24 16:33:26.327760 2015] [mpm_winnt:notice] [pid 6876:tid 272] AH00422: Parent: Received shutdown signal -- Shutting down the server.
[Thu Sep 24 16:33:28.327763 2015] [mpm_winnt:notice] [pid 7892:tid 292] AH00364: Child: All worker threads have exited.
[Thu Sep 24 16:33:28.337763 2015] [mpm_winnt:notice] [pid 6876:tid 272] AH00430: Parent: Child process 7892 exited successfully.
[Thu Sep 24 17:49:34.276560 2015] [mpm_winnt:notice] [pid 8464:tid 272] AH00455: Apache/2.4.7 (Win32) PHP/5.5.8 configured -- resuming normal operations
[Thu Sep 24 17:49:34.276560 2015] [mpm_winnt:notice] [pid 8464:tid 272] AH00456: Apache Lounge VC11 Server built: Nov 21 2013 20:13:01
[Thu Sep 24 17:49:34.276560 2015] [core:notice] [pid 8464:tid 272] AH00094: Command line: 'C:\\Users\\comqls\\Desktop\\easyphp\\EASYPH~1.1VC\\binaries\\apache\\bin\\eds-httpd.exe -d C:/Users/comqls/Desktop/easyphp/EasyPHP-DevServer-14.1VC11_7thSept/binaries/apache'
[Thu Sep 24 17:49:34.286560 2015] [mpm_winnt:notice] [pid 8464:tid 272] AH00418: Parent: Created child process 8036
[Thu Sep 24 17:49:34.663560 2015] [mpm_winnt:notice] [pid 8036:tid 292] AH00354: Child: Starting 64 worker threads.
[Thu Sep 24 18:07:03.093114 2015] [:error] [pid 8036:tid 812] [client 127.0.0.1:52796] script 'C:/Users/comqls/Desktop/easyphp/EasyPHP-DevServer-14.1VC11_7thSept/data/localweb/rugbywc15/show_select.php' not found or unable to stat
[Thu Sep 24 18:24:11.372610 2015] [:error] [pid 8036:tid 812] [client 127.0.0.1:52843] script 'C:/Users/comqls/Desktop/easyphp/EasyPHP-DevServer-14.1VC11_7thSept/data/localweb/rugbywc15/show_select.php' not found or unable to stat
[Thu Sep 24 18:29:07.086457 2015] [:error] [pid 8036:tid 812] [client 127.0.0.1:53011] script 'C:/Users/comqls/Desktop/easyphp/EasyPHP-DevServer-14.1VC11_7thSept/data/localweb/show_select2.php' not found or unable to stat, referer: http://localhost:8080/rugbywc15/index.php/main/queries
[Thu Sep 24 18:30:48.470366 2015] [access_compat:error] [pid 8036:tid 812] [client 127.0.0.1:53016] AH01797: client denied by server configuration: C:/Users/comqls/Desktop/easyphp/EasyPHP-DevServer-14.1VC11_7thSept/data/localweb/rugbywc15/application/views/show_select2.php
[Thu Sep 24 18:31:20.855412 2015] [:error] [pid 8036:tid 812] [client 127.0.0.1:53022] script 'C:/Users/comqls/Desktop/easyphp/EasyPHP-DevServer-14.1VC11_7thSept/data/localweb/rugbywc15/show_select2.php' not found or unable to stat
[Thu Sep 24 18:37:38.339956 2015] [mpm_winnt:notice] [pid 8464:tid 272] AH00422: Parent: Received shutdown signal -- Shutting down the server.
[Thu Sep 24 18:37:40.339959 2015] [mpm_winnt:notice] [pid 8036:tid 292] AH00364: Child: All worker threads have exited.
[Thu Sep 24 18:37:40.349959 2015] [mpm_winnt:notice] [pid 8464:tid 272] AH00430: Parent: Child process 8036 exited successfully.
[Fri Sep 25 15:36:32.168575 2015] [mpm_winnt:notice] [pid 21472:tid 352] AH00455: Apache/2.4.7 (Win32) PHP/5.5.8 configured -- resuming normal operations
[Fri Sep 25 15:36:32.168575 2015] [mpm_winnt:notice] [pid 21472:tid 352] AH00456: Apache Lounge VC11 Server built: Nov 21 2013 20:13:01
[Fri Sep 25 15:36:32.168575 2015] [core:notice] [pid 21472:tid 352] AH00094: Command line: 'C:\\Users\\Helz\\Desktop\\easyphp\\EASYPH~1.1VC\\binaries\\apache\\bin\\eds-httpd.exe -d C:/Users/Helz/Desktop/easyphp/EasyPHP-DevServer-14.1VC11_24thSept/binaries/apache'
[Fri Sep 25 15:36:32.186588 2015] [mpm_winnt:notice] [pid 21472:tid 352] AH00418: Parent: Created child process 13516
[Fri Sep 25 15:36:32.926112 2015] [mpm_winnt:notice] [pid 13516:tid 440] AH00354: Child: Starting 64 worker threads.
[Fri Sep 25 18:56:49.004589 2015] [:error] [pid 13516:tid 928] [client 127.0.0.1:52302] PHP Fatal error:  Call to undefined method Grocery_CRUD::set_query_str() in C:\\Users\\Helz\\Desktop\\easyphp\\EasyPHP-DevServer-14.1VC11_24thSept\\data\\localweb\\rugbywc15\\application\\controllers\\main.php on line 209, referer: http://localhost:8080/rugbywc15/index.php
[Fri Sep 25 18:57:54.882705 2015] [:error] [pid 13516:tid 928] [client 127.0.0.1:52312] PHP Fatal error:  Call to a member function set_query_str() on a non-object in C:\\Users\\Helz\\Desktop\\easyphp\\EasyPHP-DevServer-14.1VC11_24thSept\\data\\localweb\\rugbywc15\\application\\controllers\\main.php on line 209, referer: http://localhost:8080/rugbywc15/index.php
[Fri Sep 25 19:00:49.767299 2015] [:error] [pid 13516:tid 928] [client 127.0.0.1:52332] PHP Fatal error:  Call to a member function set_theme() on a non-object in C:\\Users\\Helz\\Desktop\\easyphp\\EasyPHP-DevServer-14.1VC11_24thSept\\data\\localweb\\rugbywc15\\application\\controllers\\main.php on line 206, referer: http://localhost:8080/rugbywc15/index.php
[Fri Sep 25 20:23:57.466434 2015] [:error] [pid 13516:tid 888] [client 127.0.0.1:55679] PHP Fatal error:  Uncaught exception 'Exception' with message 'The table name does not exist. Please check you database and try again.' in C:\\Users\\Helz\\Desktop\\easyphp\\EasyPHP-DevServer-14.1VC11_24thSept\\data\\localweb\\rugbywc15\\application\\libraries\\Grocery_CRUD.php:4725\nStack trace:\n#0 C:\\Users\\Helz\\Desktop\\easyphp\\EasyPHP-DevServer-14.1VC11_24thSept\\data\\localweb\\rugbywc15\\application\\libraries\\Grocery_CRUD.php(4233): Grocery_CRUD->get_table()\n#1 C:\\Users\\Helz\\Desktop\\easyphp\\EasyPHP-DevServer-14.1VC11_24thSept\\data\\localweb\\rugbywc15\\application\\libraries\\Grocery_CRUD.php(4249): Grocery_CRUD->pre_render()\n#2 C:\\Users\\Helz\\Desktop\\easyphp\\EasyPHP-DevServer-14.1VC11_24thSept\\data\\localweb\\rugbywc15\\application\\controllers\\main.php(188): Grocery_CRUD->render()\n#3 [internal function]: Main->query2()\n#4 C:\\Users\\Helz\\Desktop\\easyphp\\EasyPHP-DevServer-14.1VC11_24thSept\\data\\localweb\\rugbywc15\\system\\core\\CodeIgniter.php(359): call_user_func_array(Array, Array)\n#5 C:\\Users\\Helz\\Desktop\\easyphp\\EasyPHP-DevServer-14.1VC11_24thSept\\ in C:\\Users\\Helz\\Desktop\\easyphp\\EasyPHP-DevServer-14.1VC11_24thSept\\data\\localweb\\rugbywc15\\application\\libraries\\Grocery_CRUD.php on line 4725, referer: http://localhost:8080/rugbywc15/index.php/main/querynav
[Fri Sep 25 20:27:01.405542 2015] [:error] [pid 13516:tid 912] [client 127.0.0.1:55762] PHP Fatal error:  Uncaught exception 'Exception' with message 'The table name does not exist. Please check you database and try again.' in C:\\Users\\Helz\\Desktop\\easyphp\\EasyPHP-DevServer-14.1VC11_24thSept\\data\\localweb\\rugbywc15\\application\\libraries\\Grocery_CRUD.php:4725\nStack trace:\n#0 C:\\Users\\Helz\\Desktop\\easyphp\\EasyPHP-DevServer-14.1VC11_24thSept\\data\\localweb\\rugbywc15\\application\\libraries\\Grocery_CRUD.php(4233): Grocery_CRUD->get_table()\n#1 C:\\Users\\Helz\\Desktop\\easyphp\\EasyPHP-DevServer-14.1VC11_24thSept\\data\\localweb\\rugbywc15\\application\\libraries\\Grocery_CRUD.php(4249): Grocery_CRUD->pre_render()\n#2 C:\\Users\\Helz\\Desktop\\easyphp\\EasyPHP-DevServer-14.1VC11_24thSept\\data\\localweb\\rugbywc15\\application\\controllers\\main.php(188): Grocery_CRUD->render()\n#3 [internal function]: Main->query2()\n#4 C:\\Users\\Helz\\Desktop\\easyphp\\EasyPHP-DevServer-14.1VC11_24thSept\\data\\localweb\\rugbywc15\\system\\core\\CodeIgniter.php(359): call_user_func_array(Array, Array)\n#5 C:\\Users\\Helz\\Desktop\\easyphp\\EasyPHP-DevServer-14.1VC11_24thSept\\ in C:\\Users\\Helz\\Desktop\\easyphp\\EasyPHP-DevServer-14.1VC11_24thSept\\data\\localweb\\rugbywc15\\application\\libraries\\Grocery_CRUD.php on line 4725
[Fri Sep 25 20:30:34.281479 2015] [:error] [pid 13516:tid 912] [client 127.0.0.1:56541] PHP Fatal error:  Uncaught exception 'Exception' with message 'The table name does not exist. Please check you database and try again.' in C:\\Users\\Helz\\Desktop\\easyphp\\EasyPHP-DevServer-14.1VC11_24thSept\\data\\localweb\\rugbywc15\\application\\libraries\\Grocery_CRUD.php:4725\nStack trace:\n#0 C:\\Users\\Helz\\Desktop\\easyphp\\EasyPHP-DevServer-14.1VC11_24thSept\\data\\localweb\\rugbywc15\\application\\libraries\\Grocery_CRUD.php(4233): Grocery_CRUD->get_table()\n#1 C:\\Users\\Helz\\Desktop\\easyphp\\EasyPHP-DevServer-14.1VC11_24thSept\\data\\localweb\\rugbywc15\\application\\libraries\\Grocery_CRUD.php(4249): Grocery_CRUD->pre_render()\n#2 C:\\Users\\Helz\\Desktop\\easyphp\\EasyPHP-DevServer-14.1VC11_24thSept\\data\\localweb\\rugbywc15\\application\\controllers\\main.php(189): Grocery_CRUD->render()\n#3 [internal function]: Main->query2()\n#4 C:\\Users\\Helz\\Desktop\\easyphp\\EasyPHP-DevServer-14.1VC11_24thSept\\data\\localweb\\rugbywc15\\system\\core\\CodeIgniter.php(359): call_user_func_array(Array, Array)\n#5 C:\\Users\\Helz\\Desktop\\easyphp\\EasyPHP-DevServer-14.1VC11_24thSept\\ in C:\\Users\\Helz\\Desktop\\easyphp\\EasyPHP-DevServer-14.1VC11_24thSept\\data\\localweb\\rugbywc15\\application\\libraries\\Grocery_CRUD.php on line 4725, referer: http://localhost:8080/rugbywc15/index.php/main/querynav
[Fri Sep 25 20:47:58.876693 2015] [:error] [pid 13516:tid 912] [client 127.0.0.1:57193] PHP Fatal error:  Call to a member function generate() on a non-object in C:\\Users\\Helz\\Desktop\\easyphp\\EasyPHP-DevServer-14.1VC11_24thSept\\data\\localweb\\ci_manual\\application\\views\\chars\\index.php on line 34
[Fri Sep 25 20:48:31.614181 2015] [:error] [pid 13516:tid 912] [client 127.0.0.1:57197] PHP Fatal error:  Call to a member function generate() on a non-object in C:\\Users\\Helz\\Desktop\\easyphp\\EasyPHP-DevServer-14.1VC11_24thSept\\data\\localweb\\ci_manual\\application\\views\\chars\\index.php on line 34
[Fri Sep 25 20:49:29.879066 2015] [:error] [pid 13516:tid 912] [client 127.0.0.1:57199] PHP Fatal error:  Call to a member function generate() on a non-object in C:\\Users\\Helz\\Desktop\\easyphp\\EasyPHP-DevServer-14.1VC11_24thSept\\data\\localweb\\ci_manual\\application\\views\\chars\\index.php on line 34
[Fri Sep 25 20:49:31.223755 2015] [:error] [pid 13516:tid 912] [client 127.0.0.1:57199] PHP Fatal error:  Call to a member function generate() on a non-object in C:\\Users\\Helz\\Desktop\\easyphp\\EasyPHP-DevServer-14.1VC11_24thSept\\data\\localweb\\ci_manual\\application\\views\\chars\\index.php on line 34
[Fri Sep 25 20:50:46.431568 2015] [:error] [pid 13516:tid 912] [client 127.0.0.1:57370] PHP Fatal error:  Call to a member function generate() on a non-object in C:\\Users\\Helz\\Desktop\\easyphp\\EasyPHP-DevServer-14.1VC11_24thSept\\data\\localweb\\ci_manual\\application\\views\\chars\\index.php on line 34
[Fri Sep 25 20:52:08.604271 2015] [:error] [pid 13516:tid 912] [client 127.0.0.1:57467] PHP Fatal error:  Call to a member function generate() on a non-object in C:\\Users\\Helz\\Desktop\\easyphp\\EasyPHP-DevServer-14.1VC11_24thSept\\data\\localweb\\ci_manual\\application\\views\\chars\\index.php on line 37
[Fri Sep 25 20:52:31.821172 2015] [:error] [pid 13516:tid 912] [client 127.0.0.1:57472] PHP Fatal error:  Call to a member function generate() on a non-object in C:\\Users\\Helz\\Desktop\\easyphp\\EasyPHP-DevServer-14.1VC11_24thSept\\data\\localweb\\ci_manual\\application\\views\\chars\\index.php on line 37
[Fri Sep 25 20:52:40.986811 2015] [:error] [pid 13516:tid 912] [client 127.0.0.1:57476] PHP Fatal error:  Call to a member function generate() on a non-object in C:\\Users\\Helz\\Desktop\\easyphp\\EasyPHP-DevServer-14.1VC11_24thSept\\data\\localweb\\ci_manual\\application\\views\\chars\\index.php on line 37
[Fri Sep 25 20:52:46.282495 2015] [:error] [pid 13516:tid 912] [client 127.0.0.1:57482] PHP Fatal error:  Call to a member function generate() on a non-object in C:\\Users\\Helz\\Desktop\\easyphp\\EasyPHP-DevServer-14.1VC11_24thSept\\data\\localweb\\ci_manual\\application\\views\\chars\\index.php on line 37
[Fri Sep 25 20:53:18.356751 2015] [:error] [pid 13516:tid 912] [client 127.0.0.1:57485] PHP Fatal error:  Call to a member function generate() on a non-object in C:\\Users\\Helz\\Desktop\\easyphp\\EasyPHP-DevServer-14.1VC11_24thSept\\data\\localweb\\ci_manual\\application\\views\\chars\\index.php on line 39
[Fri Sep 25 20:57:19.179356 2015] [:error] [pid 13516:tid 912] [client 127.0.0.1:57508] PHP Fatal error:  Call to a member function generate() on a non-object in C:\\Users\\Helz\\Desktop\\easyphp\\EasyPHP-DevServer-14.1VC11_24thSept\\data\\localweb\\ci_manual\\application\\views\\chars\\index.php on line 40
[Fri Sep 25 22:49:50.501515 2015] [mpm_winnt:notice] [pid 21472:tid 352] AH00422: Parent: Received shutdown signal -- Shutting down the server.
[Fri Sep 25 22:49:52.503822 2015] [mpm_winnt:notice] [pid 13516:tid 440] AH00364: Child: All worker threads have exited.
[Fri Sep 25 22:49:52.550874 2015] [mpm_winnt:notice] [pid 21472:tid 352] AH00430: Parent: Child process 13516 exited successfully.
[Sat Sep 26 09:52:54.540377 2015] [mpm_winnt:notice] [pid 972:tid 408] AH00455: Apache/2.4.7 (Win32) PHP/5.5.8 configured -- resuming normal operations
[Sat Sep 26 09:52:54.556035 2015] [mpm_winnt:notice] [pid 972:tid 408] AH00456: Apache Lounge VC11 Server built: Nov 21 2013 20:13:01
[Sat Sep 26 09:52:54.556035 2015] [core:notice] [pid 972:tid 408] AH00094: Command line: 'C:\\Users\\Helz\\Desktop\\easyphp\\EASYPH~1.1VC\\binaries\\apache\\bin\\eds-httpd.exe -d C:/Users/Helz/Desktop/easyphp/EasyPHP-DevServer-14.1VC11_26thSept/binaries/apache'
[Sat Sep 26 09:52:54.587225 2015] [mpm_winnt:notice] [pid 972:tid 408] AH00418: Parent: Created child process 19600
[Sat Sep 26 09:52:55.196636 2015] [mpm_winnt:notice] [pid 19600:tid 400] AH00354: Child: Starting 64 worker threads.
[Sat Sep 26 14:50:50.973184 2015] [mpm_winnt:notice] [pid 972:tid 408] AH00422: Parent: Received shutdown signal -- Shutting down the server.
[Sat Sep 26 14:50:52.975653 2015] [mpm_winnt:notice] [pid 19600:tid 400] AH00364: Child: All worker threads have exited.
[Sat Sep 26 14:50:53.148474 2015] [mpm_winnt:notice] [pid 972:tid 408] AH00430: Parent: Child process 19600 exited successfully.
[Sat Sep 26 14:51:09.749791 2015] [mpm_winnt:notice] [pid 5608:tid 388] AH00455: Apache/2.4.7 (Win32) PHP/5.5.8 configured -- resuming normal operations
[Sat Sep 26 14:51:09.749791 2015] [mpm_winnt:notice] [pid 5608:tid 388] AH00456: Apache Lounge VC11 Server built: Nov 21 2013 20:13:01
[Sat Sep 26 14:51:09.749791 2015] [core:notice] [pid 5608:tid 388] AH00094: Command line: 'C:\\Users\\Helz\\Desktop\\easyphp\\EASYPH~1.1VC\\binaries\\apache\\bin\\eds-httpd.exe -d C:/Users/Helz/Desktop/easyphp/EasyPHP-DevServer-14.1VC11_26thSept/binaries/apache'
[Sat Sep 26 14:51:09.760797 2015] [mpm_winnt:notice] [pid 5608:tid 388] AH00418: Parent: Created child process 11084
[Sat Sep 26 14:51:10.256403 2015] [mpm_winnt:notice] [pid 11084:tid 420] AH00354: Child: Starting 64 worker threads.
[Sat Sep 26 20:33:07.658904 2015] [mpm_winnt:notice] [pid 5608:tid 388] AH00422: Parent: Received shutdown signal -- Shutting down the server.
[Sat Sep 26 20:33:09.661524 2015] [mpm_winnt:notice] [pid 11084:tid 420] AH00364: Child: All worker threads have exited.
[Sat Sep 26 20:33:09.705532 2015] [mpm_winnt:notice] [pid 5608:tid 388] AH00430: Parent: Child process 11084 exited successfully.
[Sat Sep 26 20:34:24.433028 2015] [mpm_winnt:notice] [pid 24164:tid 396] AH00455: Apache/2.4.7 (Win32) PHP/5.5.8 configured -- resuming normal operations
[Sat Sep 26 20:34:24.433028 2015] [mpm_winnt:notice] [pid 24164:tid 396] AH00456: Apache Lounge VC11 Server built: Nov 21 2013 20:13:01
[Sat Sep 26 20:34:24.434028 2015] [core:notice] [pid 24164:tid 396] AH00094: Command line: 'C:\\Users\\Helz\\Desktop\\easyphp\\EASYPH~1.1VC\\binaries\\apache\\bin\\eds-httpd.exe -d C:/Users/Helz/Desktop/easyphp/EasyPHP-DevServer-14.1VC11_26thSept/binaries/apache'
[Sat Sep 26 20:34:24.447915 2015] [mpm_winnt:notice] [pid 24164:tid 396] AH00418: Parent: Created child process 4516
[Sat Sep 26 20:34:24.923217 2015] [mpm_winnt:notice] [pid 4516:tid 396] AH00354: Child: Starting 64 worker threads.
[Sat Sep 26 20:38:11.223319 2015] [mpm_winnt:notice] [pid 24164:tid 396] AH00424: Parent: Received restart signal -- Restarting the server.
[Sat Sep 26 20:38:11.335399 2015] [mpm_winnt:notice] [pid 24164:tid 396] AH00455: Apache/2.4.7 (Win32) PHP/5.5.8 configured -- resuming normal operations
[Sat Sep 26 20:38:11.335399 2015] [mpm_winnt:notice] [pid 24164:tid 396] AH00456: Apache Lounge VC11 Server built: Nov 21 2013 20:13:01
[Sat Sep 26 20:38:11.335399 2015] [core:notice] [pid 24164:tid 396] AH00094: Command line: 'C:\\Users\\Helz\\Desktop\\easyphp\\EASYPH~1.1VC\\binaries\\apache\\bin\\eds-httpd.exe -d C:/Users/Helz/Desktop/easyphp/EasyPHP-DevServer-14.1VC11_26thSept/binaries/apache'
[Sat Sep 26 20:38:11.348407 2015] [mpm_winnt:notice] [pid 24164:tid 396] AH00418: Parent: Created child process 18520
[Sat Sep 26 20:38:12.224280 2015] [mpm_winnt:notice] [pid 18520:tid 400] AH00354: Child: Starting 64 worker threads.
[Sat Sep 26 20:38:13.225331 2015] [mpm_winnt:notice] [pid 4516:tid 396] AH00364: Child: All worker threads have exited.
[Sat Sep 26 20:38:31.098269 2015] [mpm_winnt:notice] [pid 24164:tid 396] AH00422: Parent: Received shutdown signal -- Shutting down the server.
[Sat Sep 26 20:38:33.099915 2015] [mpm_winnt:notice] [pid 18520:tid 400] AH00364: Child: All worker threads have exited.
[Sat Sep 26 20:38:33.115934 2015] [mpm_winnt:notice] [pid 24164:tid 396] AH00430: Parent: Child process 18520 exited successfully.
[Sun Sep 27 12:06:41.614906 2015] [mpm_winnt:notice] [pid 1388:tid 416] AH00455: Apache/2.4.7 (Win32) PHP/5.5.8 configured -- resuming normal operations
[Sun Sep 27 12:06:41.630562 2015] [mpm_winnt:notice] [pid 1388:tid 416] AH00456: Apache Lounge VC11 Server built: Nov 21 2013 20:13:01
[Sun Sep 27 12:06:41.630562 2015] [core:notice] [pid 1388:tid 416] AH00094: Command line: 'C:\\Users\\Helz\\Desktop\\easyphp\\EASYPH~1.1VC\\binaries\\apache\\bin\\eds-httpd.exe -d C:/Users/Helz/Desktop/easyphp/EasyPHP-DevServer-14.1VC11_27thSept/binaries/apache'
[Sun Sep 27 12:06:41.677378 2015] [mpm_winnt:notice] [pid 1388:tid 416] AH00418: Parent: Created child process 3712
[Sun Sep 27 12:06:42.271144 2015] [mpm_winnt:notice] [pid 3712:tid 412] AH00354: Child: Starting 64 worker threads.
[Sun Sep 27 18:57:11.493281 2015] [mpm_winnt:notice] [pid 1388:tid 416] AH00422: Parent: Received shutdown signal -- Shutting down the server.
[Sun Sep 27 18:57:13.495436 2015] [mpm_winnt:notice] [pid 3712:tid 412] AH00364: Child: All worker threads have exited.
[Sun Sep 27 18:57:13.541856 2015] [mpm_winnt:notice] [pid 1388:tid 416] AH00430: Parent: Child process 3712 exited successfully.
[Mon Sep 28 13:18:49.627804 2015] [mpm_winnt:notice] [pid 5472:tid 264] AH00455: Apache/2.4.7 (Win32) PHP/5.5.8 configured -- resuming normal operations
[Mon Sep 28 13:18:49.627804 2015] [mpm_winnt:notice] [pid 5472:tid 264] AH00456: Apache Lounge VC11 Server built: Nov 21 2013 20:13:01
[Mon Sep 28 13:18:49.627804 2015] [core:notice] [pid 5472:tid 264] AH00094: Command line: 'G:\\easyphp\\EASYPH~1.1VC\\binaries\\apache\\bin\\eds-httpd.exe -d G:/easyphp/EasyPHP-DevServer-14.1VC11_27thSept/binaries/apache'
[Mon Sep 28 13:18:49.705804 2015] [mpm_winnt:notice] [pid 5472:tid 264] AH00418: Parent: Created child process 6748
[Mon Sep 28 13:18:56.897417 2015] [mpm_winnt:notice] [pid 6748:tid 284] AH00354: Child: Starting 64 worker threads.
[Mon Sep 28 14:09:45.206586 2015] [mpm_winnt:notice] [pid 5472:tid 264] AH00422: Parent: Received shutdown signal -- Shutting down the server.
[Mon Sep 28 14:09:47.234590 2015] [mpm_winnt:notice] [pid 6748:tid 284] AH00364: Child: All worker threads have exited.
[Mon Sep 28 14:10:03.539018 2015] [mpm_winnt:notice] [pid 5472:tid 264] AH00430: Parent: Child process 6748 exited successfully.
[Wed Sep 30 14:17:03.604254 2015] [mpm_winnt:notice] [pid 6932:tid 272] AH00455: Apache/2.4.7 (Win32) PHP/5.5.8 configured -- resuming normal operations
[Wed Sep 30 14:17:03.604254 2015] [mpm_winnt:notice] [pid 6932:tid 272] AH00456: Apache Lounge VC11 Server built: Nov 21 2013 20:13:01
[Wed Sep 30 14:17:03.604254 2015] [core:notice] [pid 6932:tid 272] AH00094: Command line: 'C:\\Users\\comqls\\Desktop\\easyphp\\EASYPH~3.1VC\\binaries\\apache\\bin\\eds-httpd.exe -d C:/Users/comqls/Desktop/easyphp/EasyPHP-DevServer-14.1VC11_27thSept/binaries/apache'
[Wed Sep 30 14:17:03.619854 2015] [mpm_winnt:notice] [pid 6932:tid 272] AH00418: Parent: Created child process 1436
[Wed Sep 30 14:17:03.992655 2015] [mpm_winnt:notice] [pid 1436:tid 292] AH00354: Child: Starting 64 worker threads.
[Wed Sep 30 14:46:49.013382 2015] [mpm_winnt:notice] [pid 6932:tid 272] AH00422: Parent: Received shutdown signal -- Shutting down the server.
[Wed Sep 30 14:46:51.041386 2015] [mpm_winnt:notice] [pid 1436:tid 292] AH00364: Child: All worker threads have exited.
[Wed Sep 30 14:46:51.322186 2015] [mpm_winnt:notice] [pid 6932:tid 272] AH00430: Parent: Child process 1436 exited successfully.
[Thu Oct 01 12:15:05.224379 2015] [mpm_winnt:notice] [pid 6040:tid 272] AH00455: Apache/2.4.7 (Win32) PHP/5.5.8 configured -- resuming normal operations
[Thu Oct 01 12:15:05.224379 2015] [mpm_winnt:notice] [pid 6040:tid 272] AH00456: Apache Lounge VC11 Server built: Nov 21 2013 20:13:01
[Thu Oct 01 12:15:05.224379 2015] [core:notice] [pid 6040:tid 272] AH00094: Command line: 'C:\\Users\\comqls\\Desktop\\easyphp\\EASYPH~3.1VC\\binaries\\apache\\bin\\eds-httpd.exe -d C:/Users/comqls/Desktop/easyphp/EasyPHP-DevServer-14.1VC11_27thSept/binaries/apache'
[Thu Oct 01 12:15:05.224379 2015] [mpm_winnt:notice] [pid 6040:tid 272] AH00418: Parent: Created child process 5276
[Thu Oct 01 12:15:05.598779 2015] [mpm_winnt:notice] [pid 5276:tid 292] AH00354: Child: Starting 64 worker threads.
[Thu Oct 01 15:28:13.014525 2015] [mpm_winnt:notice] [pid 6040:tid 272] AH00422: Parent: Received shutdown signal -- Shutting down the server.
[Thu Oct 01 15:28:15.014528 2015] [mpm_winnt:notice] [pid 5276:tid 292] AH00364: Child: All worker threads have exited.
[Thu Oct 01 15:28:15.024528 2015] [mpm_winnt:notice] [pid 6040:tid 272] AH00430: Parent: Child process 5276 exited successfully.
[Sat Oct 03 21:12:34.969499 2015] [mpm_winnt:notice] [pid 5984:tid 396] AH00455: Apache/2.4.7 (Win32) PHP/5.5.8 configured -- resuming normal operations
[Sat Oct 03 21:12:34.969499 2015] [mpm_winnt:notice] [pid 5984:tid 396] AH00456: Apache Lounge VC11 Server built: Nov 21 2013 20:13:01
[Sat Oct 03 21:12:34.969499 2015] [core:notice] [pid 5984:tid 396] AH00094: Command line: 'C:\\Users\\Helz\\Desktop\\easyphp\\EASYPH~1.1VC\\binaries\\apache\\bin\\eds-httpd.exe -d C:/Users/Helz/Desktop/easyphp/EasyPHP-DevServer-14.1VC11_27thSept/binaries/apache'
[Sat Oct 03 21:12:35.000748 2015] [mpm_winnt:notice] [pid 5984:tid 396] AH00418: Parent: Created child process 4108
[Sat Oct 03 21:12:35.500756 2015] [mpm_winnt:notice] [pid 4108:tid 408] AH00354: Child: Starting 64 worker threads.
[Sat Oct 03 21:25:40.183156 2015] [:error] [pid 4108:tid 904] [client 127.0.0.1:57347] PHP Fatal error:  Uncaught exception 'Exception' with message 'Unable to load the requested file: list.php' in C:\\Users\\Helz\\Desktop\\easyphp\\EasyPHP-DevServer-14.1VC11_27thSept\\data\\localweb\\rugbywc15\\application\\libraries\\Grocery_CRUD.php:2817\nStack trace:\n#0 C:\\Users\\Helz\\Desktop\\easyphp\\EasyPHP-DevServer-14.1VC11_27thSept\\data\\localweb\\rugbywc15\\application\\libraries\\Grocery_CRUD.php(1565): grocery_CRUD_Layout->_theme_view('list.php', Object(stdClass), true)\n#1 C:\\Users\\Helz\\Desktop\\easyphp\\EasyPHP-DevServer-14.1VC11_27thSept\\data\\localweb\\rugbywc15\\application\\libraries\\Grocery_CRUD.php(4278): grocery_CRUD_Layout->showList(false, Object(stdClass))\n#2 C:\\Users\\Helz\\Desktop\\easyphp\\EasyPHP-DevServer-14.1VC11_27thSept\\data\\localweb\\rugbywc15\\application\\controllers\\main.php(40): Grocery_CRUD->render()\n#3 [internal function]: Main->venue()\n#4 C:\\Users\\Helz\\Desktop\\easyphp\\EasyPHP-DevServer-14.1VC11_27thSept\\data\\localweb\\rugbywc15\\system\\core\\CodeIgniter.php(359): call_user_func_array(Array, Array)\n#5 C:\\Users\\Helz\\Desktop\\eas in C:\\Users\\Helz\\Desktop\\easyphp\\EasyPHP-DevServer-14.1VC11_27thSept\\data\\localweb\\rugbywc15\\application\\libraries\\Grocery_CRUD.php on line 2817, referer: http://localhost:8080/rugbywc15/index.php
[Sat Oct 03 21:25:52.226178 2015] [:error] [pid 4108:tid 904] [client 127.0.0.1:57353] PHP Fatal error:  Uncaught exception 'Exception' with message 'Unable to load the requested file: list.php' in C:\\Users\\Helz\\Desktop\\easyphp\\EasyPHP-DevServer-14.1VC11_27thSept\\data\\localweb\\rugbywc15\\application\\libraries\\Grocery_CRUD.php:2817\nStack trace:\n#0 C:\\Users\\Helz\\Desktop\\easyphp\\EasyPHP-DevServer-14.1VC11_27thSept\\data\\localweb\\rugbywc15\\application\\libraries\\Grocery_CRUD.php(1565): grocery_CRUD_Layout->_theme_view('list.php', Object(stdClass), true)\n#1 C:\\Users\\Helz\\Desktop\\easyphp\\EasyPHP-DevServer-14.1VC11_27thSept\\data\\localweb\\rugbywc15\\application\\libraries\\Grocery_CRUD.php(4278): grocery_CRUD_Layout->showList(false, Object(stdClass))\n#2 C:\\Users\\Helz\\Desktop\\easyphp\\EasyPHP-DevServer-14.1VC11_27thSept\\data\\localweb\\rugbywc15\\application\\controllers\\main.php(40): Grocery_CRUD->render()\n#3 [internal function]: Main->venue()\n#4 C:\\Users\\Helz\\Desktop\\easyphp\\EasyPHP-DevServer-14.1VC11_27thSept\\data\\localweb\\rugbywc15\\system\\core\\CodeIgniter.php(359): call_user_func_array(Array, Array)\n#5 C:\\Users\\Helz\\Desktop\\eas in C:\\Users\\Helz\\Desktop\\easyphp\\EasyPHP-DevServer-14.1VC11_27thSept\\data\\localweb\\rugbywc15\\application\\libraries\\Grocery_CRUD.php on line 2817
[Sat Oct 03 22:54:20.528454 2015] [:error] [pid 4108:tid 920] [client 127.0.0.1:59742] PHP Parse error:  syntax error, unexpected '-', expecting '(' in C:\\Users\\Helz\\Desktop\\easyphp\\EasyPHP-DevServer-14.1VC11_27thSept\\data\\localweb\\rugbywc15\\application\\controllers\\main.php on line 164
[Sat Oct 03 23:11:56.756304 2015] [:error] [pid 4108:tid 896] [client 127.0.0.1:60215] PHP Parse error:  syntax error, unexpected '-', expecting '(' in C:\\Users\\Helz\\Desktop\\easyphp\\EasyPHP-DevServer-14.1VC11_27thSept\\data\\localweb\\rugbywc15\\application\\controllers\\main.php on line 164, referer: http://localhost:8080/rugbywc15/index.php/main/card
[Sat Oct 03 23:12:55.467503 2015] [:error] [pid 4108:tid 896] [client 127.0.0.1:60235] PHP Parse error:  syntax error, unexpected '-', expecting '(' in C:\\Users\\Helz\\Desktop\\easyphp\\EasyPHP-DevServer-14.1VC11_27thSept\\data\\localweb\\rugbywc15\\application\\controllers\\main.php on line 164
[Sat Oct 03 23:12:59.009018 2015] [:error] [pid 4108:tid 896] [client 127.0.0.1:60235] PHP Parse error:  syntax error, unexpected '-', expecting '(' in C:\\Users\\Helz\\Desktop\\easyphp\\EasyPHP-DevServer-14.1VC11_27thSept\\data\\localweb\\rugbywc15\\application\\controllers\\main.php on line 164
[Sat Oct 03 23:13:32.237160 2015] [:error] [pid 4108:tid 896] [client 127.0.0.1:60240] PHP Parse error:  syntax error, unexpected '-', expecting '(' in C:\\Users\\Helz\\Desktop\\easyphp\\EasyPHP-DevServer-14.1VC11_27thSept\\data\\localweb\\rugbywc15\\application\\controllers\\main.php on line 164, referer: http://localhost:8080/rugbywc15/index.php/main/card
[Sun Oct 04 00:12:05.068266 2015] [mpm_winnt:notice] [pid 5984:tid 396] AH00422: Parent: Received shutdown signal -- Shutting down the server.
[Sun Oct 04 00:12:07.099890 2015] [mpm_winnt:notice] [pid 4108:tid 408] AH00364: Child: All worker threads have exited.
[Sun Oct 04 00:12:07.146735 2015] [mpm_winnt:notice] [pid 5984:tid 396] AH00430: Parent: Child process 4108 exited successfully.
[Wed Oct 28 10:54:59.191474 2015] [mpm_winnt:notice] [pid 8060:tid 264] AH00455: Apache/2.4.7 (Win32) PHP/5.5.8 configured -- resuming normal operations
[Wed Oct 28 10:54:59.192474 2015] [mpm_winnt:notice] [pid 8060:tid 264] AH00456: Apache Lounge VC11 Server built: Nov 21 2013 20:13:01
[Wed Oct 28 10:54:59.192474 2015] [core:notice] [pid 8060:tid 264] AH00094: Command line: 'G:\\easyphp\\EASYPH~1.1VC\\binaries\\apache\\bin\\eds-httpd.exe -d G:/easyphp/EasyPHP-DevServer-14.1VC11_3rdOct/binaries/apache'
[Wed Oct 28 10:55:03.127699 2015] [mpm_winnt:notice] [pid 8060:tid 264] AH00418: Parent: Created child process 4584
[Wed Oct 28 10:55:06.087869 2015] [mpm_winnt:notice] [pid 4584:tid 284] AH00354: Child: Starting 64 worker threads.
[Wed Oct 28 12:10:53.210949 2015] [core:warn] [pid 6496:tid 160] AH00098: pid file G:/easyphp/EasyPHP-DevServer-14.1VC11_28thOct/binaries/apache/logs/httpd.pid overwritten -- Unclean shutdown of previous Apache run?
[Wed Oct 28 12:11:00.256352 2015] [mpm_winnt:notice] [pid 6496:tid 160] AH00455: Apache/2.4.7 (Win32) PHP/5.5.8 configured -- resuming normal operations
[Wed Oct 28 12:11:00.256352 2015] [mpm_winnt:notice] [pid 6496:tid 160] AH00456: Apache Lounge VC11 Server built: Nov 21 2013 20:13:01
[Wed Oct 28 12:11:00.256352 2015] [core:notice] [pid 6496:tid 160] AH00094: Command line: 'G:\\easyphp\\EASYPH~2.1VC\\binaries\\apache\\bin\\eds-httpd.exe -d G:/easyphp/EasyPHP-DevServer-14.1VC11_28thOct/binaries/apache'
[Wed Oct 28 12:11:00.304355 2015] [mpm_winnt:notice] [pid 6496:tid 160] AH00418: Parent: Created child process 1572
[Wed Oct 28 12:11:16.285269 2015] [mpm_winnt:notice] [pid 1572:tid 284] AH00354: Child: Starting 64 worker threads.
[Wed Oct 28 15:17:10.345776 2015] [mpm_winnt:notice] [pid 6496:tid 160] AH00422: Parent: Received shutdown signal -- Shutting down the server.
[Wed Oct 28 15:17:12.346890 2015] [mpm_winnt:notice] [pid 1572:tid 284] AH00364: Child: All worker threads have exited.
[Wed Oct 28 15:17:18.295230 2015] [mpm_winnt:notice] [pid 6496:tid 160] AH00430: Parent: Child process 1572 exited successfully.
[Sat Oct 31 13:12:20.748952 2015] [mpm_winnt:notice] [pid 6208:tid 416] AH00455: Apache/2.4.7 (Win32) PHP/5.5.8 configured -- resuming normal operations
[Sat Oct 31 13:12:20.748952 2015] [mpm_winnt:notice] [pid 6208:tid 416] AH00456: Apache Lounge VC11 Server built: Nov 21 2013 20:13:01
[Sat Oct 31 13:12:20.748952 2015] [core:notice] [pid 6208:tid 416] AH00094: Command line: 'C:\\Users\\Helz\\Desktop\\easyphp\\EasyPHP\\binaries\\apache\\bin\\eds-httpd.exe -d C:/Users/Helz/Desktop/easyphp/EasyPHP/binaries/apache'
[Sat Oct 31 13:12:20.769966 2015] [mpm_winnt:notice] [pid 6208:tid 416] AH00418: Parent: Created child process 6584
[Sat Oct 31 13:12:21.600614 2015] [mpm_winnt:notice] [pid 6584:tid 428] AH00354: Child: Starting 64 worker threads.
[Sat Oct 31 13:42:59.130824 2015] [mpm_winnt:notice] [pid 6208:tid 416] AH00422: Parent: Received shutdown signal -- Shutting down the server.
[Sat Oct 31 13:43:01.132549 2015] [mpm_winnt:notice] [pid 6584:tid 428] AH00364: Child: All worker threads have exited.
[Sat Oct 31 13:43:01.279875 2015] [mpm_winnt:notice] [pid 6208:tid 416] AH00430: Parent: Child process 6584 exited successfully.
[Fri Nov 06 16:13:31.688589 2015] [mpm_winnt:notice] [pid 9916:tid 384] AH00455: Apache/2.4.7 (Win32) PHP/5.5.8 configured -- resuming normal operations
[Fri Nov 06 16:13:31.704214 2015] [mpm_winnt:notice] [pid 9916:tid 384] AH00456: Apache Lounge VC11 Server built: Nov 21 2013 20:13:01
[Fri Nov 06 16:13:31.704214 2015] [core:notice] [pid 9916:tid 384] AH00094: Command line: 'C:\\Users\\Helz\\Desktop\\easyphp\\EasyPHP\\binaries\\apache\\bin\\eds-httpd.exe -d C:/Users/Helz/Desktop/easyphp/EasyPHP/binaries/apache'
[Fri Nov 06 16:13:31.735438 2015] [mpm_winnt:notice] [pid 9916:tid 384] AH00418: Parent: Created child process 10252
[Fri Nov 06 16:13:32.188568 2015] [mpm_winnt:notice] [pid 10252:tid 400] AH00354: Child: Starting 64 worker threads.
[Fri Nov 06 16:14:44.674132 2015] [mpm_winnt:notice] [pid 9916:tid 384] AH00422: Parent: Received shutdown signal -- Shutting down the server.
[Fri Nov 06 16:14:46.690041 2015] [mpm_winnt:notice] [pid 10252:tid 400] AH00364: Child: All worker threads have exited.
[Fri Nov 06 16:14:46.795308 2015] [mpm_winnt:notice] [pid 9916:tid 384] AH00430: Parent: Child process 10252 exited successfully.
[Fri Nov 06 16:21:35.202351 2015] [mpm_winnt:notice] [pid 1728:tid 400] AH00455: Apache/2.4.7 (Win32) PHP/5.5.8 configured -- resuming normal operations
[Fri Nov 06 16:21:35.202351 2015] [mpm_winnt:notice] [pid 1728:tid 400] AH00456: Apache Lounge VC11 Server built: Nov 21 2013 20:13:01
[Fri Nov 06 16:21:35.202351 2015] [core:notice] [pid 1728:tid 400] AH00094: Command line: 'C:\\Users\\Helz\\Desktop\\easyphp\\EasyPHP\\binaries\\apache\\bin\\eds-httpd.exe -d C:/Users/Helz/Desktop/easyphp/EasyPHP/binaries/apache'
[Fri Nov 06 16:21:35.217977 2015] [mpm_winnt:notice] [pid 1728:tid 400] AH00418: Parent: Created child process 5844
[Fri Nov 06 16:21:35.640249 2015] [mpm_winnt:notice] [pid 5844:tid 396] AH00354: Child: Starting 64 worker threads.
[Fri Nov 06 16:23:16.821008 2015] [mpm_winnt:notice] [pid 1728:tid 400] AH00422: Parent: Received shutdown signal -- Shutting down the server.
[Fri Nov 06 16:23:18.823325 2015] [mpm_winnt:notice] [pid 5844:tid 396] AH00364: Child: All worker threads have exited.
[Fri Nov 06 16:23:18.854575 2015] [mpm_winnt:notice] [pid 1728:tid 400] AH00430: Parent: Child process 5844 exited successfully.
[Sun Oct 01 18:54:31.970424 2017] [mpm_winnt:notice] [pid 9904:tid 588] AH00455: Apache/2.4.7 (Win32) PHP/5.5.8 configured -- resuming normal operations
[Sun Oct 01 18:54:31.970424 2017] [mpm_winnt:notice] [pid 9904:tid 588] AH00456: Apache Lounge VC11 Server built: Nov 21 2013 20:13:01
[Sun Oct 01 18:54:31.970424 2017] [core:notice] [pid 9904:tid 588] AH00094: Command line: 'C:\\Users\\Helz\\Desktop\\EasyPHP\\binaries\\apache\\bin\\eds-httpd.exe -d C:/Users/Helz/Desktop/EasyPHP/binaries/apache'
[Sun Oct 01 18:54:31.982457 2017] [mpm_winnt:notice] [pid 9904:tid 588] AH00418: Parent: Created child process 5860
[Sun Oct 01 18:54:32.450701 2017] [mpm_winnt:notice] [pid 5860:tid 636] AH00354: Child: Starting 64 worker threads.
[Sun Oct 01 19:09:20.914671 2017] [mpm_winnt:notice] [pid 9904:tid 588] AH00422: Parent: Received shutdown signal -- Shutting down the server.
[Sun Oct 01 19:09:22.916586 2017] [mpm_winnt:notice] [pid 5860:tid 636] AH00364: Child: All worker threads have exited.
[Sun Oct 01 19:09:22.969975 2017] [mpm_winnt:notice] [pid 9904:tid 588] AH00430: Parent: Child process 5860 exited successfully.
[Sun Oct 01 19:12:51.955892 2017] [mpm_winnt:notice] [pid 6388:tid 664] AH00455: Apache/2.4.7 (Win32) PHP/5.5.8 configured -- resuming normal operations
[Sun Oct 01 19:12:51.955892 2017] [mpm_winnt:notice] [pid 6388:tid 664] AH00456: Apache Lounge VC11 Server built: Nov 21 2013 20:13:01
[Sun Oct 01 19:12:51.955892 2017] [core:notice] [pid 6388:tid 664] AH00094: Command line: 'C:\\Users\\Helz\\Desktop\\EASYPH~3\\binaries\\apache\\bin\\eds-httpd.exe -d C:/Users/Helz/Desktop/EasyPHP_v2/binaries/apache'
[Sun Oct 01 19:12:51.971934 2017] [mpm_winnt:notice] [pid 6388:tid 664] AH00418: Parent: Created child process 10040
[Sun Oct 01 19:12:52.622665 2017] [mpm_winnt:notice] [pid 10040:tid 4] AH00354: Child: Starting 64 worker threads.
[Sun Oct 01 19:13:23.755641 2017] [mpm_winnt:notice] [pid 6388:tid 664] AH00422: Parent: Received shutdown signal -- Shutting down the server.
[Sun Oct 01 19:13:25.757053 2017] [mpm_winnt:notice] [pid 10040:tid 4] AH00364: Child: All worker threads have exited.
[Sun Oct 01 19:13:25.797854 2017] [mpm_winnt:notice] [pid 6388:tid 664] AH00430: Parent: Child process 10040 exited successfully.
[Sat Feb 26 12:05:53.938126 2022] [mpm_winnt:notice] [pid 8924:tid 620] AH00455: Apache/2.4.7 (Win32) PHP/5.5.8 configured -- resuming normal operations
[Sat Feb 26 12:05:53.938126 2022] [mpm_winnt:notice] [pid 8924:tid 620] AH00456: Apache Lounge VC11 Server built: Nov 21 2013 20:13:01
[Sat Feb 26 12:05:53.938126 2022] [core:notice] [pid 8924:tid 620] AH00094: Command line: 'C:\\Users\\charlie\\DOWNLO~1\\EASYPH~1\\EASYPH~1\\binaries\\apache\\bin\\eds-httpd.exe -d C:/Users/charlie/Downloads/EasyPHP_v2/EasyPHP_v2/binaries/apache'
[Sat Feb 26 12:05:53.938126 2022] [mpm_winnt:notice] [pid 8924:tid 620] AH00418: Parent: Created child process 3372
[Sat Feb 26 12:05:55.842483 2022] [mpm_winnt:notice] [pid 3372:tid 632] AH00354: Child: Starting 64 worker threads.
[Sat Feb 26 12:24:22.605502 2022] [mpm_winnt:notice] [pid 8924:tid 620] AH00422: Parent: Received shutdown signal -- Shutting down the server.
[Sat Feb 26 12:24:27.917973 2022] [mpm_winnt:notice] [pid 3372:tid 632] AH00364: Child: All worker threads have exited.
[Sat Feb 26 12:24:28.414115 2022] [mpm_winnt:notice] [pid 8924:tid 620] AH00430: Parent: Child process 3372 exited successfully.
